INFO: [HLS 200-0] Workspace C:/Users/Caio/Desktop/marker_zybo/marker_zybo/solution1 opened at Thu Jul 05 12:12:26 +0000 2018
Execute     config_clock -quiet -name default -period 10 -default=false 
INFO: [SYN 201-201] Setting up clock 'default' with a period of 10ns.
Command     config_clock returned 0; 0.001 sec.
Execute     open_platform DefaultPlatform 
Command     open_platform returned 0; 0 sec.
Execute     import_lib C:/Xilinx/Vivado/2018.1/common/technology/xilinx/artix7/artix7 
Execute       source C:/Xilinx/Vivado/2018.1/common/technology/xilinx/common/xilinx.lib 
Execute         source C:/Xilinx/Vivado/2018.1/common/technology/xilinx/interface/xilinx_interface.lib 
Execute           source C:/Xilinx/Vivado/2018.1/common/technology/xilinx/interface/plb46.lib 
Command           ap_source returned 0; 0 sec.
Execute           source C:/Xilinx/Vivado/2018.1/common/technology/xilinx/interface/fsl.lib 
Command           ap_source returned 0; 0 sec.
Execute           source C:/Xilinx/Vivado/2018.1/common/technology/xilinx/interface/axi4.lib 
Command           ap_source returned 0; 0.001 sec.
Execute           source C:/Xilinx/Vivado/2018.1/common/technology/xilinx/interface/maxi.lib 
Command           ap_source returned 0; 0 sec.
Execute           source C:/Xilinx/Vivado/2018.1/common/technology/xilinx/interface/saxilite.lib 
Command           ap_source returned 0; 0 sec.
Command         ap_source returned 0; 0.001 sec.
Execute         source C:/Xilinx/Vivado/2018.1/common/technology/xilinx/common/dsp48.lib 
Command         ap_source returned 0; 0.001 sec.
Execute         source C:/Xilinx/Vivado/2018.1/common/technology/xilinx/ip/dds_compiler.lib 
Command         ap_source returned 0; 0 sec.
Execute         source C:/Xilinx/Vivado/2018.1/common/technology/xilinx/ip/xfft.lib 
Command         ap_source returned 0; 0 sec.
Execute         source C:/Xilinx/Vivado/2018.1/common/technology/xilinx/ip/xfir.lib 
Command         ap_source returned 0; 0 sec.
Command       ap_source returned 0; 0.004 sec.
Execute       source C:/Xilinx/Vivado/2018.1/common/technology/xilinx/common/xilinx_old.lib 
Command       ap_source returned 0; 0.001 sec.
Execute       source C:/Xilinx/Vivado/2018.1/common/technology/xilinx/common/xilinx_vivado.lib 
Command       ap_source returned 0; 0.001 sec.
Execute       source C:/Xilinx/Vivado/2018.1/common/technology/xilinx/common/xilinx.hlp 
Execute         source C:/Xilinx/Vivado/2018.1/common/technology/xilinx/common/target_info.tcl 
Command         ap_source returned 0; 0.001 sec.
Execute         source C:/Xilinx/Vivado/2018.1/common/technology/xilinx/interface/xilinx_interface.hlp 
Execute           source C:/Xilinx/Vivado/2018.1/common/technology/xilinx/interface/maxi.hlp 
Command           ap_source returned 0; 0 sec.
Execute           source C:/Xilinx/Vivado/2018.1/common/technology/xilinx/interface/saxilite.hlp 
Command           ap_source returned 0; 0 sec.
Command         ap_source returned 0; 0 sec.
Execute         source C:/Xilinx/Vivado/2018.1/common/technology/xilinx/common/dsp48.hlp 
Command         ap_source returned 0; 0.001 sec.
Command       ap_source returned 0; 0.004 sec.
Execute       source C:/Xilinx/Vivado/2018.1/common/technology/xilinx/artix7/dsp48e1.hlp 
Command       ap_source returned 0; 0 sec.
Execute       get_default_platform 
Command       get_default_platform returned 0; 0 sec.
Execute       config_chip_info -quiet -resource  {SLICE 15850} {LUT 63400}     {FF 126800} {DSP48E 240}    {BRAM 270}  
Command       config_chip_info returned 0; 0.001 sec.
Execute       config_chip_info -quiet -speed medium 
Command       config_chip_info returned 0; 0 sec.
Execute       source C:/Xilinx/Vivado/2018.1/common/technology/xilinx/common/xilinx.hlp 
Execute         source C:/Xilinx/Vivado/2018.1/common/technology/xilinx/common/target_info.tcl 
Command         ap_source returned 0; 0.001 sec.
Execute         source C:/Xilinx/Vivado/2018.1/common/technology/xilinx/interface/xilinx_interface.hlp 
Execute           source C:/Xilinx/Vivado/2018.1/common/technology/xilinx/interface/maxi.hlp 
Command           ap_source returned 0; 0 sec.
Execute           source C:/Xilinx/Vivado/2018.1/common/technology/xilinx/interface/saxilite.hlp 
Command           ap_source returned 0; 0 sec.
Command         ap_source returned 0; 0 sec.
Execute         source C:/Xilinx/Vivado/2018.1/common/technology/xilinx/common/dsp48.hlp 
Command         ap_source returned 0; 0.002 sec.
Command       ap_source returned 0; 0.004 sec.
Command     import_lib returned 0; 0.017 sec.
Execute     source C:/Xilinx/Vivado/2018.1/common/technology/xilinx/artix7/artix7.gen 
Execute       source C:/Xilinx/Vivado/2018.1/common/technology/xilinx/common/virtex.gen 
Execute         source C:/Xilinx/Vivado/2018.1/common/technology/xilinx/common/xilinx.gen 
Execute           source C:/Xilinx/Vivado/2018.1/common/technology/xilinx/interface/plb46.gen 
Command           ap_source returned 0; 0.001 sec.
Execute           source C:/Xilinx/Vivado/2018.1/common/technology/xilinx/interface/fsl.gen 
Command           ap_source returned 0; 0.001 sec.
Execute           source C:/Xilinx/Vivado/2018.1/common/technology/xilinx/interface/axi4.gen 
Command           ap_source returned 0; 0.002 sec.
Execute           source C:/Xilinx/Vivado/2018.1/common/technology/xilinx/interface/nativeAXI4.gen 
Execute             source C:/Xilinx/Vivado/2018.1/common/technology/xilinx/interface/saxilite.gen 
Command             ap_source returned 0; 0.003 sec.
Execute             source C:/Xilinx/Vivado/2018.1/common/technology/xilinx/interface/maxi.gen 
Command             ap_source returned 0; 0.007 sec.
Command           ap_source returned 0; 0.01 sec.
Execute           source C:/Xilinx/Vivado/2018.1/common/technology/xilinx/scripts/xilinxcoregen.gen 
Command           ap_source returned 0; 0.01 sec.
Execute           source C:/Xilinx/Vivado/2018.1/common/technology/xilinx/interface/XilEDKCoreGen.gen 
Command           ap_source returned 0; 0.007 sec.
Execute           source C:/Xilinx/Vivado/2018.1/common/technology/xilinx/ip/dds_compiler.gen 
Command           ap_source returned 0; 0.003 sec.
Execute           source C:/Xilinx/Vivado/2018.1/common/technology/xilinx/ip/util.gen 
Command           ap_source returned 0; 0 sec.
Execute           source C:/Xilinx/Vivado/2018.1/common/technology/xilinx/ip/xfft.gen 
Command           ap_source returned 0; 0.089 sec.
Execute           source C:/Xilinx/Vivado/2018.1/common/technology/xilinx/ip/xfir.gen 
Command           ap_source returned 0; 0.001 sec.
Command         ap_source returned 0; 0.124 sec.
Execute         source C:/Xilinx/Vivado/2018.1/common/technology/xilinx/common/dsp48.gen 
Command         ap_source returned 0; 0.001 sec.
Command       ap_source returned 0; 0.127 sec.
Command     ap_source returned 0; 0.127 sec.
Execute     open_platform DefaultPlatform 
Command     open_platform returned 0; 0 sec.
Execute     import_lib C:/Xilinx/Vivado/2018.1/common/technology/xilinx/artix7/artix7_fpv6 
Execute       source C:/Xilinx/Vivado/2018.1/common/technology/xilinx/common/xilinx_fpv7.lib 
Execute         source C:/Xilinx/Vivado/2018.1/common/technology/xilinx/common/xilinx_hp.lib 
Command         ap_source returned 0; 0.001 sec.
Command       ap_source returned 0; 0.003 sec.
Execute       source C:/Xilinx/Vivado/2018.1/common/technology/xilinx/common/xilinx_fpv.hlp 
Execute         source C:/Xilinx/Vivado/2018.1/common/technology/xilinx/common/xilinx.hlp 
Execute           source C:/Xilinx/Vivado/2018.1/common/technology/xilinx/common/target_info.tcl 
Command           ap_source returned 0; 0.02 sec.
Execute           source C:/Xilinx/Vivado/2018.1/common/technology/xilinx/interface/xilinx_interface.hlp 
Execute             source C:/Xilinx/Vivado/2018.1/common/technology/xilinx/interface/maxi.hlp 
Command             ap_source returned 0; 0.001 sec.
Execute             source C:/Xilinx/Vivado/2018.1/common/technology/xilinx/interface/saxilite.hlp 
Command             ap_source returned 0; 0 sec.
Command           ap_source returned 0; 0.001 sec.
Execute           source C:/Xilinx/Vivado/2018.1/common/technology/xilinx/common/dsp48.hlp 
Command           ap_source returned 0; 0.001 sec.
Command         ap_source returned 0; 0.024 sec.
Command       ap_source returned 0; 0.024 sec.
Execute       source C:/Xilinx/Vivado/2018.1/common/technology/xilinx/artix7/artix7_hp.hlp 
Command       ap_source returned 0; 0.002 sec.
Command     import_lib returned 0; 0.037 sec.
Execute     source C:/Xilinx/Vivado/2018.1/common/technology/xilinx/artix7/artix7_fpv6.gen 
Execute       source C:/Xilinx/Vivado/2018.1/common/technology/xilinx/common/xilinx_fpv6.gen 
Command       ap_source returned 0; 0.002 sec.
Command     ap_source returned 0; 0.002 sec.
Execute     set_part xc7a100tcsg324-1 
Execute       add_library xilinx/artix7/artix7:xc7a100t:csg324:-1 
Execute         get_default_platform 
Command         get_default_platform returned 0; 0 sec.
Execute         license_isbetapart xc7a100t 
Command         license_isbetapart returned 1; 0.007 sec.
Execute         get_default_platform 
Command         get_default_platform returned 0; 0 sec.
Execute         config_chip_info -quiet -resource  {SLICE 15850} {LUT 63400}     {FF 126800} {DSP48E 240}    {BRAM 270}  
Command         config_chip_info returned 0; 0 sec.
Execute         config_chip_info -quiet -speed slow 
Command         config_chip_info returned 0; 0 sec.
Command       add_library returned 0; 0.011 sec.
Execute       add_library xilinx/artix7/artix7_fpv6 
Execute         get_default_platform 
Command         get_default_platform returned 0; 0 sec.
Command       add_library returned 0; 0.001 sec.
INFO: [HLS 200-10] Setting target device to 'xc7a100tcsg324-1'
Execute       get_default_platform 
Command       get_default_platform returned 0; 0 sec.
Command     set_part returned 0; 0.053 sec.
Execute     get_default_platform 
Command     get_default_platform returned 0; 0 sec.
Execute     config_chip_info -quiet -resource  {SLICE 15850} {LUT 63400}     {FF 126800} {DSP48E 240}    {BRAM 270}  
Command     config_chip_info returned 0; 0 sec.
Execute     config_chip_info -quiet -speed slow 
Command     config_chip_info returned 0; 0 sec.
Command   open_solution returned 0; 0.36 sec.
Execute   export_design -rtl verilog -format ip_catalog 
Execute     source C:/Users/Caio/Desktop/marker_zybo/marker_zybo/solution1/.autopilot/db/global.setting.tcl 
Command     ap_source returned 0; 0 sec.
Execute     source C:/Xilinx/Vivado/2018.1/common/technology/generic/autopilot/common.gen 
Execute       source C:/Xilinx/Vivado/2018.1/common/technology/generic/autopilot/APCoreGen.gen 
Command       ap_source returned 0; 0.001 sec.
Command     ap_source returned 0; 0.002 sec.
Execute     source C:/Xilinx/Vivado/2018.1/common/technology/generic/autopilot/op.gen 
Command     ap_source returned 0; 0 sec.
Execute     source C:/Xilinx/Vivado/2018.1/common/technology/generic/autopilot/op_simcore.gen 
Command     ap_source returned 0; 0.001 sec.
Execute     source C:/Xilinx/Vivado/2018.1/common/technology/generic/autopilot/interface.gen 
Command     ap_source returned 0; 0.001 sec.
Execute     source C:/Users/Caio/Desktop/marker_zybo/marker_zybo/solution1/.autopilot/db/global.setting.tcl 
Command     ap_source returned 0; 0 sec.
Execute     source C:/Xilinx/Vivado/2018.1/common/technology/xilinx/artix7/artix7.gen 
Execute       source C:/Xilinx/Vivado/2018.1/common/technology/xilinx/common/virtex.gen 
Execute         source C:/Xilinx/Vivado/2018.1/common/technology/xilinx/common/xilinx.gen 
Execute           source C:/Xilinx/Vivado/2018.1/common/technology/xilinx/interface/plb46.gen 
Command           ap_source returned 0; 0.001 sec.
Execute           source C:/Xilinx/Vivado/2018.1/common/technology/xilinx/interface/fsl.gen 
Command           ap_source returned 0; 0 sec.
Execute           source C:/Xilinx/Vivado/2018.1/common/technology/xilinx/interface/axi4.gen 
Command           ap_source returned 0; 0.002 sec.
Execute           source C:/Xilinx/Vivado/2018.1/common/technology/xilinx/interface/nativeAXI4.gen 
Execute             source C:/Xilinx/Vivado/2018.1/common/technology/xilinx/interface/saxilite.gen 
Command             ap_source returned 0; 0.003 sec.
Execute             source C:/Xilinx/Vivado/2018.1/common/technology/xilinx/interface/maxi.gen 
Command             ap_source returned 0; 0.007 sec.
Command           ap_source returned 0; 0.01 sec.
Execute           source C:/Xilinx/Vivado/2018.1/common/technology/xilinx/scripts/xilinxcoregen.gen 
Command           ap_source returned 0; 0.011 sec.
Execute           source C:/Xilinx/Vivado/2018.1/common/technology/xilinx/interface/XilEDKCoreGen.gen 
Command           ap_source returned 0; 0.007 sec.
Execute           source C:/Xilinx/Vivado/2018.1/common/technology/xilinx/ip/dds_compiler.gen 
Command           ap_source returned 0; 0.003 sec.
Execute           source C:/Xilinx/Vivado/2018.1/common/technology/xilinx/ip/util.gen 
Command           ap_source returned 0; 0 sec.
Execute           source C:/Xilinx/Vivado/2018.1/common/technology/xilinx/ip/xfft.gen 
Command           ap_source returned 0; 0.082 sec.
Execute           source C:/Xilinx/Vivado/2018.1/common/technology/xilinx/ip/xfir.gen 
Command           ap_source returned 0; 0.001 sec.
Command         ap_source returned 0; 0.118 sec.
Execute         source C:/Xilinx/Vivado/2018.1/common/technology/xilinx/common/dsp48.gen 
Command         ap_source returned 0; 0 sec.
Command       ap_source returned 0; 0.119 sec.
Command     ap_source returned 0; 0.12 sec.
Execute     source C:/Xilinx/Vivado/2018.1/common/technology/xilinx/artix7/artix7_fpv6.gen 
Execute       source C:/Xilinx/Vivado/2018.1/common/technology/xilinx/common/xilinx_fpv6.gen 
Command       ap_source returned 0; 0.001 sec.
Command     ap_source returned 0; 0.002 sec.
Execute     source C:/Users/Caio/Desktop/marker_zybo/marker_zybo/solution1/.autopilot/db/global.setting.tcl 
Command     ap_source returned 0; 0.001 sec.
INFO: [IMPL 213-8] Exporting RTL as a Vivado IP.
Execute     source C:/Users/Caio/Desktop/marker_zybo/marker_zybo/solution1/.autopilot/db/global.setting.tcl 
Command     ap_source returned 0; 0.002 sec.
Execute     source C:/Users/Caio/Desktop/marker_zybo/marker_zybo/solution1/.autopilot/db/global.setting.tcl 
Command     ap_source returned 0; 0.001 sec.
Execute     source C:/Xilinx/Vivado/2018.1/common/technology/generic/autopilot/common.gen 
Execute       source C:/Xilinx/Vivado/2018.1/common/technology/generic/autopilot/APCoreGen.gen 
Command       ap_source returned 0; 0 sec.
Command     ap_source returned 0; 0.002 sec.
Execute     source C:/Xilinx/Vivado/2018.1/common/technology/generic/autopilot/op.gen 
Command     ap_source returned 0; 0 sec.
Execute     source C:/Xilinx/Vivado/2018.1/common/technology/generic/autopilot/op_simcore.gen 
Command     ap_source returned 0; 0.001 sec.
Execute     source C:/Xilinx/Vivado/2018.1/common/technology/generic/autopilot/interface.gen 
Command     ap_source returned 0; 0 sec.
Execute     source C:/Users/Caio/Desktop/marker_zybo/marker_zybo/solution1/.autopilot/db/global.setting.tcl 
Command     ap_source returned 0; 0.001 sec.
Execute     source C:/Xilinx/Vivado/2018.1/common/technology/xilinx/artix7/artix7.gen 
Execute       source C:/Xilinx/Vivado/2018.1/common/technology/xilinx/common/virtex.gen 
Execute         source C:/Xilinx/Vivado/2018.1/common/technology/xilinx/common/xilinx.gen 
Execute           source C:/Xilinx/Vivado/2018.1/common/technology/xilinx/interface/plb46.gen 
Command           ap_source returned 0; 0.001 sec.
Execute           source C:/Xilinx/Vivado/2018.1/common/technology/xilinx/interface/fsl.gen 
Command           ap_source returned 0; 0 sec.
Execute           source C:/Xilinx/Vivado/2018.1/common/technology/xilinx/interface/axi4.gen 
Command           ap_source returned 0; 0.001 sec.
Execute           source C:/Xilinx/Vivado/2018.1/common/technology/xilinx/interface/nativeAXI4.gen 
Execute             source C:/Xilinx/Vivado/2018.1/common/technology/xilinx/interface/saxilite.gen 
Command             ap_source returned 0; 0.003 sec.
Execute             source C:/Xilinx/Vivado/2018.1/common/technology/xilinx/interface/maxi.gen 
Command             ap_source returned 0; 0.007 sec.
Command           ap_source returned 0; 0.01 sec.
Execute           source C:/Xilinx/Vivado/2018.1/common/technology/xilinx/scripts/xilinxcoregen.gen 
Command           ap_source returned 0; 0.009 sec.
Execute           source C:/Xilinx/Vivado/2018.1/common/technology/xilinx/interface/XilEDKCoreGen.gen 
Command           ap_source returned 0; 0.007 sec.
Execute           source C:/Xilinx/Vivado/2018.1/common/technology/xilinx/ip/dds_compiler.gen 
Command           ap_source returned 0; 0.003 sec.
Execute           source C:/Xilinx/Vivado/2018.1/common/technology/xilinx/ip/util.gen 
Command           ap_source returned 0; 0 sec.
Execute           source C:/Xilinx/Vivado/2018.1/common/technology/xilinx/ip/xfft.gen 
Command           ap_source returned 0; 0.083 sec.
Execute           source C:/Xilinx/Vivado/2018.1/common/technology/xilinx/ip/xfir.gen 
Command           ap_source returned 0; 0.001 sec.
Command         ap_source returned 0; 0.116 sec.
Execute         source C:/Xilinx/Vivado/2018.1/common/technology/xilinx/common/dsp48.gen 
Command         ap_source returned 0; 0 sec.
Command       ap_source returned 0; 0.118 sec.
Command     ap_source returned 0; 0.118 sec.
Execute     source C:/Xilinx/Vivado/2018.1/common/technology/xilinx/artix7/artix7_fpv6.gen 
Execute       source C:/Xilinx/Vivado/2018.1/common/technology/xilinx/common/xilinx_fpv6.gen 
Command       ap_source returned 0; 0.001 sec.
Command     ap_source returned 0; 0.002 sec.
Execute     source C:/Users/Caio/Desktop/marker_zybo/marker_zybo/solution1/.autopilot/db/make_marker.rtl_wrap.cfg.tcl 
Command     ap_source returned 0; 0.001 sec.
Execute     source C:/Users/Caio/Desktop/marker_zybo/marker_zybo/solution1/.autopilot/db/make_marker.rtl_wrap.cfg.tcl 
Command     ap_source returned 0; 0.001 sec.
Execute     source C:/Users/Caio/Desktop/marker_zybo/marker_zybo/solution1/.autopilot/db/make_marker.rtl_wrap.cfg.tcl 
Command     ap_source returned 0; 0.001 sec.
Execute     source C:/Users/Caio/Desktop/marker_zybo/marker_zybo/solution1/.autopilot/db/make_marker.tbgen.tcl 
Command     ap_source returned 0; 0.001 sec.
Execute     source C:/Users/Caio/Desktop/marker_zybo/marker_zybo/solution1/.autopilot/db/make_marker.tbgen.tcl 
Command     ap_source returned 0; 0.001 sec.
Execute     source C:/Users/Caio/Desktop/marker_zybo/marker_zybo/solution1/.autopilot/db/global.setting.tcl 
Command     ap_source returned 0; 0.001 sec.
Execute     source C:/Users/Caio/Desktop/marker_zybo/marker_zybo/solution1/.autopilot/db/otsu.compgen.tcl 
Command     ap_source returned 0; 0.1 sec.
Execute     source C:/Users/Caio/Desktop/marker_zybo/marker_zybo/solution1/.autopilot/db/make_marker.compgen.tcl 
Command     ap_source returned 0; 0.001 sec.
Execute     source C:/Users/Caio/Desktop/marker_zybo/marker_zybo/solution1/.autopilot/db/global.setting.tcl 
Command     ap_source returned 0; 0.001 sec.
Execute     source C:/Users/Caio/Desktop/marker_zybo/marker_zybo/solution1/.autopilot/db/otsu.compgen.tcl 
Command     ap_source returned 0; 0 sec.
Execute     source C:/Users/Caio/Desktop/marker_zybo/marker_zybo/solution1/.autopilot/db/make_marker.compgen.tcl 
Command     ap_source returned 0; 0.012 sec.
Execute     source C:/Users/Caio/Desktop/marker_zybo/marker_zybo/solution1/.autopilot/db/global.setting.tcl 
Command     ap_source returned 0; 0 sec.
Execute     source C:/Users/Caio/Desktop/marker_zybo/marker_zybo/solution1/.autopilot/db/otsu.compgen.tcl 
Command     ap_source returned 0; 0.003 sec.
Execute     source C:/Users/Caio/Desktop/marker_zybo/marker_zybo/solution1/.autopilot/db/make_marker.compgen.tcl 
Command     ap_source returned 0; 0.001 sec.
Execute     source C:/Users/Caio/Desktop/marker_zybo/marker_zybo/solution1/.autopilot/db/global.setting.tcl 
Command     ap_source returned 0; 0 sec.
Execute     source C:/Users/Caio/Desktop/marker_zybo/marker_zybo/solution1/.autopilot/db/make_marker.constraint.tcl 
Command     ap_source returned 0; 0 sec.
Execute     source C:/Users/Caio/Desktop/marker_zybo/marker_zybo/solution1/.autopilot/db/make_marker.tbgen.tcl 
Command     ap_source returned 0; 0.001 sec.
Execute     source C:/Users/Caio/Desktop/marker_zybo/marker_zybo/solution1/.autopilot/db/global.setting.tcl 
Command     ap_source returned 0; 0 sec.
Execute     source C:/Users/Caio/Desktop/marker_zybo/marker_zybo/solution1/.autopilot/db/make_marker.tbgen.tcl 
Command     ap_source returned 0; 0 sec.
Execute     source C:/Users/Caio/Desktop/marker_zybo/marker_zybo/solution1/.autopilot/db/make_marker.tbgen.tcl 
Command     ap_source returned 0; 0 sec.
Execute     source C:/Users/Caio/Desktop/marker_zybo/marker_zybo/solution1/.autopilot/db/make_marker.tbgen.tcl 
Command     ap_source returned 0; 0 sec.
Execute     source C:/Users/Caio/Desktop/marker_zybo/marker_zybo/solution1/.autopilot/db/make_marker.tbgen.tcl 
Command     ap_source returned 0; 0 sec.
Execute     source C:/Users/Caio/Desktop/marker_zybo/marker_zybo/solution1/.autopilot/db/make_marker.tbgen.tcl 
Command     ap_source returned 0; 0 sec.
Execute     source C:/Users/Caio/Desktop/marker_zybo/marker_zybo/solution1/.autopilot/db/make_marker.tbgen.tcl 
Command     ap_source returned 0; 0 sec.
Execute     source C:/Users/Caio/Desktop/marker_zybo/marker_zybo/solution1/.autopilot/db/make_marker.tbgen.tcl 
Command     ap_source returned 0; 0.001 sec.
Execute     source C:/Users/Caio/Desktop/marker_zybo/marker_zybo/solution1/.autopilot/db/global.setting.tcl 
Command     ap_source returned 0; 0.001 sec.
Execute     source C:/Users/Caio/Desktop/marker_zybo/marker_zybo/solution1/.autopilot/db/global.setting.tcl 
Command     ap_source returned 0; 0.001 sec.
Execute     source C:/Users/Caio/Desktop/marker_zybo/marker_zybo/solution1/.autopilot/db/make_marker.rtl_wrap.cfg.tcl 
Command     ap_source returned 0; 0.001 sec.
Execute     source C:/Users/Caio/Desktop/marker_zybo/marker_zybo/solution1/.autopilot/db/make_marker.rtl_wrap.cfg.tcl 
Command     ap_source returned 0; 0.001 sec.
Execute     source C:/Users/Caio/Desktop/marker_zybo/marker_zybo/solution1/.autopilot/db/make_marker.rtl_wrap.cfg.tcl 
Command     ap_source returned 0; 0.001 sec.
Execute     source C:/Users/Caio/Desktop/marker_zybo/marker_zybo/solution1/.autopilot/db/make_marker.tbgen.tcl 
Command     ap_source returned 0; 0 sec.
Execute     source C:/Users/Caio/Desktop/marker_zybo/marker_zybo/solution1/.autopilot/db/make_marker.tbgen.tcl 
Command     ap_source returned 0; 0 sec.
Execute     source C:/Users/Caio/Desktop/marker_zybo/marker_zybo/solution1/.autopilot/db/make_marker.tbgen.tcl 
Command     ap_source returned 0; 0.001 sec.
Execute     source C:/Users/Caio/Desktop/marker_zybo/marker_zybo/solution1/.autopilot/db/make_marker.rtl_wrap.cfg.tcl 
Command     ap_source returned 0; 0.001 sec.
Execute     source C:/Users/Caio/Desktop/marker_zybo/marker_zybo/solution1/.autopilot/db/make_marker.rtl_wrap.cfg.tcl 
Command     ap_source returned 0; 0.001 sec.
Execute     source C:/Users/Caio/Desktop/marker_zybo/marker_zybo/solution1/.autopilot/db/make_marker.rtl_wrap.cfg.tcl 
Command     ap_source returned 0; 0.001 sec.
Execute     source C:/Users/Caio/Desktop/marker_zybo/marker_zybo/solution1/.autopilot/db/make_marker.tbgen.tcl 
Command     ap_source returned 0; 0.001 sec.
Execute     source C:/Users/Caio/Desktop/marker_zybo/marker_zybo/solution1/.autopilot/db/make_marker.tbgen.tcl 
Command     ap_source returned 0; 0.001 sec.
Execute     source C:/Users/Caio/Desktop/marker_zybo/marker_zybo/solution1/.autopilot/db/global.setting.tcl 
Command     ap_source returned 0; 0.001 sec.
Execute     source C:/Users/Caio/Desktop/marker_zybo/marker_zybo/solution1/.autopilot/db/make_marker.tbgen.tcl 
Command     ap_source returned 0; 0 sec.
Execute     source C:/Users/Caio/Desktop/marker_zybo/marker_zybo/solution1/.autopilot/db/global.setting.tcl 
Command     ap_source returned 0; 0.001 sec.
Execute     source C:/Users/Caio/Desktop/marker_zybo/marker_zybo/solution1/.autopilot/db/make_marker.constraint.tcl 
Command     ap_source returned 0; 0.023 sec.
Execute     source C:/Users/Caio/Desktop/marker_zybo/marker_zybo/solution1/.autopilot/db/global.setting.tcl 
Command     ap_source returned 0; 0.001 sec.
Execute     source C:/Users/Caio/Desktop/marker_zybo/marker_zybo/solution1/.autopilot/db/global.setting.tcl 
Command     ap_source returned 0; 0.001 sec.
Execute     source C:/Users/Caio/Desktop/marker_zybo/marker_zybo/solution1/.autopilot/db/make_marker.constraint.tcl 
Command     ap_source returned 0; 0 sec.
Execute     source C:/Users/Caio/Desktop/marker_zybo/marker_zybo/solution1/.autopilot/db/make_marker.tbgen.tcl 
Command     ap_source returned 0; 0.001 sec.
Execute     source C:/Users/Caio/Desktop/marker_zybo/marker_zybo/solution1/.autopilot/db/global.setting.tcl 
Command     ap_source returned 0; 0 sec.
Execute     source C:/Users/Caio/Desktop/marker_zybo/marker_zybo/solution1/.autopilot/db/make_marker.constraint.tcl 
Command     ap_source returned 0; 0 sec.
Execute     source C:/Users/Caio/Desktop/marker_zybo/marker_zybo/solution1/.autopilot/db/make_marker.tbgen.tcl 
Command     ap_source returned 0; 0 sec.
Execute     source C:/Users/Caio/Desktop/marker_zybo/marker_zybo/solution1/.autopilot/db/global.setting.tcl 
Command     ap_source returned 0; 0.001 sec.
Execute     source C:/Xilinx/Vivado/2018.1/common/technology/generic/autopilot/common.gen 
Execute       source C:/Xilinx/Vivado/2018.1/common/technology/generic/autopilot/APCoreGen.gen 
Command       ap_source returned 0; 0.001 sec.
Command     ap_source returned 0; 0.001 sec.
Execute     source C:/Xilinx/Vivado/2018.1/common/technology/generic/autopilot/op.gen 
Command     ap_source returned 0; 0.001 sec.
Execute     source C:/Xilinx/Vivado/2018.1/common/technology/generic/autopilot/op_simcore.gen 
Command     ap_source returned 0; 0.001 sec.
Execute     source C:/Xilinx/Vivado/2018.1/common/technology/generic/autopilot/interface.gen 
Command     ap_source returned 0; 0 sec.
Execute     source C:/Users/Caio/Desktop/marker_zybo/marker_zybo/solution1/.autopilot/db/global.setting.tcl 
Command     ap_source returned 0; 0.001 sec.
Execute     source C:/Xilinx/Vivado/2018.1/common/technology/xilinx/artix7/artix7.gen 
Execute       source C:/Xilinx/Vivado/2018.1/common/technology/xilinx/common/virtex.gen 
Execute         source C:/Xilinx/Vivado/2018.1/common/technology/xilinx/common/xilinx.gen 
Execute           source C:/Xilinx/Vivado/2018.1/common/technology/xilinx/interface/plb46.gen 
Command           ap_source returned 0; 0.001 sec.
Execute           source C:/Xilinx/Vivado/2018.1/common/technology/xilinx/interface/fsl.gen 
Command           ap_source returned 0; 0.001 sec.
Execute           source C:/Xilinx/Vivado/2018.1/common/technology/xilinx/interface/axi4.gen 
Command           ap_source returned 0; 0.002 sec.
Execute           source C:/Xilinx/Vivado/2018.1/common/technology/xilinx/interface/nativeAXI4.gen 
Execute             source C:/Xilinx/Vivado/2018.1/common/technology/xilinx/interface/saxilite.gen 
Command             ap_source returned 0; 0.004 sec.
Execute             source C:/Xilinx/Vivado/2018.1/common/technology/xilinx/interface/maxi.gen 
Command             ap_source returned 0; 0.007 sec.
Command           ap_source returned 0; 0.011 sec.
Execute           source C:/Xilinx/Vivado/2018.1/common/technology/xilinx/scripts/xilinxcoregen.gen 
Command           ap_source returned 0; 0.01 sec.
Execute           source C:/Xilinx/Vivado/2018.1/common/technology/xilinx/interface/XilEDKCoreGen.gen 
Command           ap_source returned 0; 0.007 sec.
Execute           source C:/Xilinx/Vivado/2018.1/common/technology/xilinx/ip/dds_compiler.gen 
Command           ap_source returned 0; 0.003 sec.
Execute           source C:/Xilinx/Vivado/2018.1/common/technology/xilinx/ip/util.gen 
Command           ap_source returned 0; 0 sec.
Execute           source C:/Xilinx/Vivado/2018.1/common/technology/xilinx/ip/xfft.gen 
Command           ap_source returned 0; 0.089 sec.
Execute           source C:/Xilinx/Vivado/2018.1/common/technology/xilinx/ip/xfir.gen 
Command           ap_source returned 0; 0.001 sec.
Command         ap_source returned 0; 0.126 sec.
Execute         source C:/Xilinx/Vivado/2018.1/common/technology/xilinx/common/dsp48.gen 
Command         ap_source returned 0; 0 sec.
Command       ap_source returned 0; 0.129 sec.
Command     ap_source returned 0; 0.129 sec.
Execute     source C:/Xilinx/Vivado/2018.1/common/technology/xilinx/artix7/artix7_fpv6.gen 
Execute       source C:/Xilinx/Vivado/2018.1/common/technology/xilinx/common/xilinx_fpv6.gen 
Command       ap_source returned 0; 0.002 sec.
Command     ap_source returned 0; 0.002 sec.
Command   export_design returned 0; 44.824 sec.
Command ap_source returned 0; 45.187 sec.
Execute cleanup_all 
Command cleanup_all returned 0; 0 sec.
