
*** Running vivado
    with args -log design_1_auto_ss_slid_1.vds -m64 -product Vivado -mode batch -messageDb vivado.pb -notrace -source design_1_auto_ss_slid_1.tcl


****** Vivado v2018.1 (64-bit)
  **** SW Build 2188600 on Wed Apr  4 18:40:38 MDT 2018
  **** IP Build 2185939 on Wed Apr  4 20:55:05 MDT 2018
    ** Copyright 1986-2018 Xilinx, Inc. All Rights Reserved.

source design_1_auto_ss_slid_1.tcl -notrace
Command: synth_design -top design_1_auto_ss_slid_1 -part xc7a100tcsg324-1 -mode out_of_context
Starting synth_design
Attempting to get a license for feature 'Synthesis' and/or device 'xc7a100t'
INFO: [Common 17-349] Got license for feature 'Synthesis' and/or device 'xc7a100t'
INFO: Launching helper process for spawning children vivado processes
INFO: Helper process launched with PID 2004 
---------------------------------------------------------------------------------
Starting RTL Elaboration : Time (s): cpu = 00:00:09 ; elapsed = 00:00:17 . Memory (MB): peak = 403.922 ; gain = 100.754
---------------------------------------------------------------------------------
INFO: [Synth 8-6157] synthesizing module 'design_1_auto_ss_slid_1' [c:/Users/Caio/Dropbox/Vfilter_2/project_1_filter/project_1_filter.srcs/sources_1/bd/design_1/ip/design_1_auto_ss_slid_1/synth/design_1_auto_ss_slid_1.v:58]
INFO: [Synth 8-6157] synthesizing module 'top_design_1_auto_ss_slid_1' [c:/Users/Caio/Dropbox/Vfilter_2/project_1_filter/project_1_filter.srcs/sources_1/bd/design_1/ip/design_1_auto_ss_slid_1/hdl/top_design_1_auto_ss_slid_1.v:60]
	Parameter C_FAMILY bound to: artix7 - type: string 
	Parameter C_S_AXIS_TDATA_WIDTH bound to: 32 - type: integer 
	Parameter C_S_AXIS_TID_WIDTH bound to: 2 - type: integer 
	Parameter C_S_AXIS_TDEST_WIDTH bound to: 6 - type: integer 
	Parameter C_S_AXIS_TUSER_WIDTH bound to: 20 - type: integer 
	Parameter C_S_AXIS_SIGNAL_SET bound to: 32'b00000000000000000000000011111111 
	Parameter C_M_AXIS_TDATA_WIDTH bound to: 32 - type: integer 
	Parameter C_M_AXIS_TID_WIDTH bound to: 1 - type: integer 
	Parameter C_M_AXIS_TDEST_WIDTH bound to: 1 - type: integer 
	Parameter C_M_AXIS_SIGNAL_SET bound to: 32'b00000000000000000000000010011011 
	Parameter C_M_AXIS_TUSER_WIDTH bound to: 20 - type: integer 
	Parameter C_DEFAULT_TLAST bound to: 0 - type: integer 
	Parameter G_INDX_SS_TREADY bound to: 0 - type: integer 
	Parameter G_INDX_SS_TDATA bound to: 1 - type: integer 
	Parameter G_INDX_SS_TSTRB bound to: 2 - type: integer 
	Parameter G_INDX_SS_TKEEP bound to: 3 - type: integer 
	Parameter G_INDX_SS_TLAST bound to: 4 - type: integer 
	Parameter G_INDX_SS_TID bound to: 5 - type: integer 
	Parameter G_INDX_SS_TDEST bound to: 6 - type: integer 
	Parameter G_INDX_SS_TUSER bound to: 7 - type: integer 
	Parameter G_MASK_SS_TREADY bound to: 1 - type: integer 
	Parameter G_MASK_SS_TDATA bound to: 2 - type: integer 
	Parameter G_MASK_SS_TSTRB bound to: 4 - type: integer 
	Parameter G_MASK_SS_TKEEP bound to: 8 - type: integer 
	Parameter G_MASK_SS_TLAST bound to: 16 - type: integer 
	Parameter G_MASK_SS_TID bound to: 32 - type: integer 
	Parameter G_MASK_SS_TDEST bound to: 64 - type: integer 
	Parameter G_MASK_SS_TUSER bound to: 128 - type: integer 
	Parameter G_TASK_SEVERITY_ERR bound to: 2 - type: integer 
	Parameter G_TASK_SEVERITY_WARNING bound to: 1 - type: integer 
	Parameter G_TASK_SEVERITY_INFO bound to: 0 - type: integer 
INFO: [Synth 8-6157] synthesizing module 'axis_subset_converter_v1_1_16_core' [c:/Users/Caio/Dropbox/Vfilter_2/project_1_filter/project_1_filter.srcs/sources_1/bd/design_1/ipshared/3e4d/hdl/axis_subset_converter_v1_1_vl_rfs.v:62]
	Parameter C_FAMILY bound to: artix7 - type: string 
	Parameter C_AXIS_TDATA_WIDTH bound to: 32 - type: integer 
	Parameter C_S_AXIS_TID_WIDTH bound to: 2 - type: integer 
	Parameter C_S_AXIS_TDEST_WIDTH bound to: 6 - type: integer 
	Parameter C_AXIS_TUSER_WIDTH bound to: 20 - type: integer 
	Parameter C_S_AXIS_SIGNAL_SET bound to: 32'b00000000000000000000000011111111 
	Parameter C_M_AXIS_TID_WIDTH bound to: 2 - type: integer 
	Parameter C_M_AXIS_TDEST_WIDTH bound to: 6 - type: integer 
	Parameter C_M_AXIS_SIGNAL_SET bound to: 32'b00000000000000000000000010011011 
	Parameter C_DEFAULT_TLAST bound to: 0 - type: integer 
	Parameter G_INDX_SS_TREADY bound to: 0 - type: integer 
	Parameter G_INDX_SS_TDATA bound to: 1 - type: integer 
	Parameter G_INDX_SS_TSTRB bound to: 2 - type: integer 
	Parameter G_INDX_SS_TKEEP bound to: 3 - type: integer 
	Parameter G_INDX_SS_TLAST bound to: 4 - type: integer 
	Parameter G_INDX_SS_TID bound to: 5 - type: integer 
	Parameter G_INDX_SS_TDEST bound to: 6 - type: integer 
	Parameter G_INDX_SS_TUSER bound to: 7 - type: integer 
	Parameter G_MASK_SS_TREADY bound to: 1 - type: integer 
	Parameter G_MASK_SS_TDATA bound to: 2 - type: integer 
	Parameter G_MASK_SS_TSTRB bound to: 4 - type: integer 
	Parameter G_MASK_SS_TKEEP bound to: 8 - type: integer 
	Parameter G_MASK_SS_TLAST bound to: 16 - type: integer 
	Parameter G_MASK_SS_TID bound to: 32 - type: integer 
	Parameter G_MASK_SS_TDEST bound to: 64 - type: integer 
	Parameter G_MASK_SS_TUSER bound to: 128 - type: integer 
	Parameter G_TASK_SEVERITY_ERR bound to: 2 - type: integer 
	Parameter G_TASK_SEVERITY_WARNING bound to: 1 - type: integer 
	Parameter G_TASK_SEVERITY_INFO bound to: 0 - type: integer 
	Parameter P_SIGNAL_SET_XOR bound to: 32'b00000000000000000000000001100100 
	Parameter P_SIGNAL_SET_ADD bound to: 32'b00000000000000000000000000000000 
	Parameter P_SIGNAL_SET_REM bound to: 32'b00000000000000000000000001100100 
	Parameter P_TLAST_CNTR_WIDTH bound to: 1 - type: integer 
INFO: [Synth 8-6155] done synthesizing module 'axis_subset_converter_v1_1_16_core' (1#1) [c:/Users/Caio/Dropbox/Vfilter_2/project_1_filter/project_1_filter.srcs/sources_1/bd/design_1/ipshared/3e4d/hdl/axis_subset_converter_v1_1_vl_rfs.v:62]
INFO: [Synth 8-6157] synthesizing module 'tdata_design_1_auto_ss_slid_1' [c:/Users/Caio/Dropbox/Vfilter_2/project_1_filter/project_1_filter.srcs/sources_1/bd/design_1/ip/design_1_auto_ss_slid_1/hdl/tdata_design_1_auto_ss_slid_1.v:48]
	Parameter C_S_AXIS_TDATA_WIDTH bound to: 32 - type: integer 
	Parameter C_S_AXIS_TUSER_WIDTH bound to: 20 - type: integer 
	Parameter C_S_AXIS_TID_WIDTH bound to: 2 - type: integer 
	Parameter C_S_AXIS_TDEST_WIDTH bound to: 6 - type: integer 
	Parameter C_M_AXIS_TDATA_WIDTH bound to: 32 - type: integer 
INFO: [Synth 8-6155] done synthesizing module 'tdata_design_1_auto_ss_slid_1' (2#1) [c:/Users/Caio/Dropbox/Vfilter_2/project_1_filter/project_1_filter.srcs/sources_1/bd/design_1/ip/design_1_auto_ss_slid_1/hdl/tdata_design_1_auto_ss_slid_1.v:48]
INFO: [Synth 8-6157] synthesizing module 'tuser_design_1_auto_ss_slid_1' [c:/Users/Caio/Dropbox/Vfilter_2/project_1_filter/project_1_filter.srcs/sources_1/bd/design_1/ip/design_1_auto_ss_slid_1/hdl/tuser_design_1_auto_ss_slid_1.v:48]
	Parameter C_S_AXIS_TUSER_WIDTH bound to: 20 - type: integer 
	Parameter C_S_AXIS_TDATA_WIDTH bound to: 32 - type: integer 
	Parameter C_S_AXIS_TID_WIDTH bound to: 2 - type: integer 
	Parameter C_S_AXIS_TDEST_WIDTH bound to: 6 - type: integer 
	Parameter C_M_AXIS_TUSER_WIDTH bound to: 20 - type: integer 
INFO: [Synth 8-6155] done synthesizing module 'tuser_design_1_auto_ss_slid_1' (3#1) [c:/Users/Caio/Dropbox/Vfilter_2/project_1_filter/project_1_filter.srcs/sources_1/bd/design_1/ip/design_1_auto_ss_slid_1/hdl/tuser_design_1_auto_ss_slid_1.v:48]
INFO: [Synth 8-6157] synthesizing module 'tid_design_1_auto_ss_slid_1' [c:/Users/Caio/Dropbox/Vfilter_2/project_1_filter/project_1_filter.srcs/sources_1/bd/design_1/ip/design_1_auto_ss_slid_1/hdl/tid_design_1_auto_ss_slid_1.v:48]
	Parameter C_S_AXIS_TID_WIDTH bound to: 2 - type: integer 
	Parameter C_S_AXIS_TUSER_WIDTH bound to: 20 - type: integer 
	Parameter C_S_AXIS_TDATA_WIDTH bound to: 32 - type: integer 
	Parameter C_S_AXIS_TDEST_WIDTH bound to: 6 - type: integer 
	Parameter C_M_AXIS_TID_WIDTH bound to: 1 - type: integer 
INFO: [Synth 8-6155] done synthesizing module 'tid_design_1_auto_ss_slid_1' (4#1) [c:/Users/Caio/Dropbox/Vfilter_2/project_1_filter/project_1_filter.srcs/sources_1/bd/design_1/ip/design_1_auto_ss_slid_1/hdl/tid_design_1_auto_ss_slid_1.v:48]
INFO: [Synth 8-6157] synthesizing module 'tdest_design_1_auto_ss_slid_1' [c:/Users/Caio/Dropbox/Vfilter_2/project_1_filter/project_1_filter.srcs/sources_1/bd/design_1/ip/design_1_auto_ss_slid_1/hdl/tdest_design_1_auto_ss_slid_1.v:48]
	Parameter C_S_AXIS_TDATA_WIDTH bound to: 32 - type: integer 
	Parameter C_S_AXIS_TUSER_WIDTH bound to: 20 - type: integer 
	Parameter C_S_AXIS_TID_WIDTH bound to: 2 - type: integer 
	Parameter C_S_AXIS_TDEST_WIDTH bound to: 6 - type: integer 
	Parameter C_M_AXIS_TDEST_WIDTH bound to: 1 - type: integer 
INFO: [Synth 8-6155] done synthesizing module 'tdest_design_1_auto_ss_slid_1' (5#1) [c:/Users/Caio/Dropbox/Vfilter_2/project_1_filter/project_1_filter.srcs/sources_1/bd/design_1/ip/design_1_auto_ss_slid_1/hdl/tdest_design_1_auto_ss_slid_1.v:48]
INFO: [Synth 8-6157] synthesizing module 'tstrb_design_1_auto_ss_slid_1' [c:/Users/Caio/Dropbox/Vfilter_2/project_1_filter/project_1_filter.srcs/sources_1/bd/design_1/ip/design_1_auto_ss_slid_1/hdl/tstrb_design_1_auto_ss_slid_1.v:48]
	Parameter C_S_AXIS_TDATA_WIDTH bound to: 32 - type: integer 
	Parameter C_S_AXIS_TUSER_WIDTH bound to: 20 - type: integer 
	Parameter C_S_AXIS_TID_WIDTH bound to: 2 - type: integer 
	Parameter C_S_AXIS_TDEST_WIDTH bound to: 6 - type: integer 
	Parameter C_M_AXIS_TDATA_WIDTH bound to: 32 - type: integer 
INFO: [Synth 8-6155] done synthesizing module 'tstrb_design_1_auto_ss_slid_1' (6#1) [c:/Users/Caio/Dropbox/Vfilter_2/project_1_filter/project_1_filter.srcs/sources_1/bd/design_1/ip/design_1_auto_ss_slid_1/hdl/tstrb_design_1_auto_ss_slid_1.v:48]
INFO: [Synth 8-6157] synthesizing module 'tkeep_design_1_auto_ss_slid_1' [c:/Users/Caio/Dropbox/Vfilter_2/project_1_filter/project_1_filter.srcs/sources_1/bd/design_1/ip/design_1_auto_ss_slid_1/hdl/tkeep_design_1_auto_ss_slid_1.v:48]
	Parameter C_S_AXIS_TDATA_WIDTH bound to: 32 - type: integer 
	Parameter C_S_AXIS_TUSER_WIDTH bound to: 20 - type: integer 
	Parameter C_S_AXIS_TID_WIDTH bound to: 2 - type: integer 
	Parameter C_S_AXIS_TDEST_WIDTH bound to: 6 - type: integer 
	Parameter C_M_AXIS_TDATA_WIDTH bound to: 32 - type: integer 
INFO: [Synth 8-6155] done synthesizing module 'tkeep_design_1_auto_ss_slid_1' (7#1) [c:/Users/Caio/Dropbox/Vfilter_2/project_1_filter/project_1_filter.srcs/sources_1/bd/design_1/ip/design_1_auto_ss_slid_1/hdl/tkeep_design_1_auto_ss_slid_1.v:48]
INFO: [Synth 8-6157] synthesizing module 'tlast_design_1_auto_ss_slid_1' [c:/Users/Caio/Dropbox/Vfilter_2/project_1_filter/project_1_filter.srcs/sources_1/bd/design_1/ip/design_1_auto_ss_slid_1/hdl/tlast_design_1_auto_ss_slid_1.v:48]
	Parameter C_S_AXIS_TID_WIDTH bound to: 2 - type: integer 
	Parameter C_S_AXIS_TUSER_WIDTH bound to: 20 - type: integer 
	Parameter C_S_AXIS_TDATA_WIDTH bound to: 32 - type: integer 
	Parameter C_S_AXIS_TDEST_WIDTH bound to: 6 - type: integer 
INFO: [Synth 8-6155] done synthesizing module 'tlast_design_1_auto_ss_slid_1' (8#1) [c:/Users/Caio/Dropbox/Vfilter_2/project_1_filter/project_1_filter.srcs/sources_1/bd/design_1/ip/design_1_auto_ss_slid_1/hdl/tlast_design_1_auto_ss_slid_1.v:48]
INFO: [Synth 8-6155] done synthesizing module 'top_design_1_auto_ss_slid_1' (9#1) [c:/Users/Caio/Dropbox/Vfilter_2/project_1_filter/project_1_filter.srcs/sources_1/bd/design_1/ip/design_1_auto_ss_slid_1/hdl/top_design_1_auto_ss_slid_1.v:60]
INFO: [Synth 8-6155] done synthesizing module 'design_1_auto_ss_slid_1' (10#1) [c:/Users/Caio/Dropbox/Vfilter_2/project_1_filter/project_1_filter.srcs/sources_1/bd/design_1/ip/design_1_auto_ss_slid_1/synth/design_1_auto_ss_slid_1.v:58]
WARNING: [Synth 8-3331] design tlast_design_1_auto_ss_slid_1 has unconnected port tid[1]
WARNING: [Synth 8-3331] design tlast_design_1_auto_ss_slid_1 has unconnected port tid[0]
WARNING: [Synth 8-3331] design tlast_design_1_auto_ss_slid_1 has unconnected port tdata[31]
WARNING: [Synth 8-3331] design tlast_design_1_auto_ss_slid_1 has unconnected port tdata[30]
WARNING: [Synth 8-3331] design tlast_design_1_auto_ss_slid_1 has unconnected port tdata[29]
WARNING: [Synth 8-3331] design tlast_design_1_auto_ss_slid_1 has unconnected port tdata[28]
WARNING: [Synth 8-3331] design tlast_design_1_auto_ss_slid_1 has unconnected port tdata[27]
WARNING: [Synth 8-3331] design tlast_design_1_auto_ss_slid_1 has unconnected port tdata[26]
WARNING: [Synth 8-3331] design tlast_design_1_auto_ss_slid_1 has unconnected port tdata[25]
WARNING: [Synth 8-3331] design tlast_design_1_auto_ss_slid_1 has unconnected port tdata[24]
WARNING: [Synth 8-3331] design tlast_design_1_auto_ss_slid_1 has unconnected port tdata[23]
WARNING: [Synth 8-3331] design tlast_design_1_auto_ss_slid_1 has unconnected port tdata[22]
WARNING: [Synth 8-3331] design tlast_design_1_auto_ss_slid_1 has unconnected port tdata[21]
WARNING: [Synth 8-3331] design tlast_design_1_auto_ss_slid_1 has unconnected port tdata[20]
WARNING: [Synth 8-3331] design tlast_design_1_auto_ss_slid_1 has unconnected port tdata[19]
WARNING: [Synth 8-3331] design tlast_design_1_auto_ss_slid_1 has unconnected port tdata[18]
WARNING: [Synth 8-3331] design tlast_design_1_auto_ss_slid_1 has unconnected port tdata[17]
WARNING: [Synth 8-3331] design tlast_design_1_auto_ss_slid_1 has unconnected port tdata[16]
WARNING: [Synth 8-3331] design tlast_design_1_auto_ss_slid_1 has unconnected port tdata[15]
WARNING: [Synth 8-3331] design tlast_design_1_auto_ss_slid_1 has unconnected port tdata[14]
WARNING: [Synth 8-3331] design tlast_design_1_auto_ss_slid_1 has unconnected port tdata[13]
WARNING: [Synth 8-3331] design tlast_design_1_auto_ss_slid_1 has unconnected port tdata[12]
WARNING: [Synth 8-3331] design tlast_design_1_auto_ss_slid_1 has unconnected port tdata[11]
WARNING: [Synth 8-3331] design tlast_design_1_auto_ss_slid_1 has unconnected port tdata[10]
WARNING: [Synth 8-3331] design tlast_design_1_auto_ss_slid_1 has unconnected port tdata[9]
WARNING: [Synth 8-3331] design tlast_design_1_auto_ss_slid_1 has unconnected port tdata[8]
WARNING: [Synth 8-3331] design tlast_design_1_auto_ss_slid_1 has unconnected port tdata[7]
WARNING: [Synth 8-3331] design tlast_design_1_auto_ss_slid_1 has unconnected port tdata[6]
WARNING: [Synth 8-3331] design tlast_design_1_auto_ss_slid_1 has unconnected port tdata[5]
WARNING: [Synth 8-3331] design tlast_design_1_auto_ss_slid_1 has unconnected port tdata[4]
WARNING: [Synth 8-3331] design tlast_design_1_auto_ss_slid_1 has unconnected port tdata[3]
WARNING: [Synth 8-3331] design tlast_design_1_auto_ss_slid_1 has unconnected port tdata[2]
WARNING: [Synth 8-3331] design tlast_design_1_auto_ss_slid_1 has unconnected port tdata[1]
WARNING: [Synth 8-3331] design tlast_design_1_auto_ss_slid_1 has unconnected port tdata[0]
WARNING: [Synth 8-3331] design tlast_design_1_auto_ss_slid_1 has unconnected port tuser[19]
WARNING: [Synth 8-3331] design tlast_design_1_auto_ss_slid_1 has unconnected port tuser[18]
WARNING: [Synth 8-3331] design tlast_design_1_auto_ss_slid_1 has unconnected port tuser[17]
WARNING: [Synth 8-3331] design tlast_design_1_auto_ss_slid_1 has unconnected port tuser[16]
WARNING: [Synth 8-3331] design tlast_design_1_auto_ss_slid_1 has unconnected port tuser[15]
WARNING: [Synth 8-3331] design tlast_design_1_auto_ss_slid_1 has unconnected port tuser[14]
WARNING: [Synth 8-3331] design tlast_design_1_auto_ss_slid_1 has unconnected port tuser[13]
WARNING: [Synth 8-3331] design tlast_design_1_auto_ss_slid_1 has unconnected port tuser[12]
WARNING: [Synth 8-3331] design tlast_design_1_auto_ss_slid_1 has unconnected port tuser[11]
WARNING: [Synth 8-3331] design tlast_design_1_auto_ss_slid_1 has unconnected port tuser[10]
WARNING: [Synth 8-3331] design tlast_design_1_auto_ss_slid_1 has unconnected port tuser[9]
WARNING: [Synth 8-3331] design tlast_design_1_auto_ss_slid_1 has unconnected port tuser[8]
WARNING: [Synth 8-3331] design tlast_design_1_auto_ss_slid_1 has unconnected port tuser[7]
WARNING: [Synth 8-3331] design tlast_design_1_auto_ss_slid_1 has unconnected port tuser[6]
WARNING: [Synth 8-3331] design tlast_design_1_auto_ss_slid_1 has unconnected port tuser[5]
WARNING: [Synth 8-3331] design tlast_design_1_auto_ss_slid_1 has unconnected port tuser[4]
WARNING: [Synth 8-3331] design tlast_design_1_auto_ss_slid_1 has unconnected port tuser[3]
WARNING: [Synth 8-3331] design tlast_design_1_auto_ss_slid_1 has unconnected port tuser[2]
WARNING: [Synth 8-3331] design tlast_design_1_auto_ss_slid_1 has unconnected port tuser[1]
WARNING: [Synth 8-3331] design tlast_design_1_auto_ss_slid_1 has unconnected port tuser[0]
WARNING: [Synth 8-3331] design tlast_design_1_auto_ss_slid_1 has unconnected port tdest[5]
WARNING: [Synth 8-3331] design tlast_design_1_auto_ss_slid_1 has unconnected port tdest[4]
WARNING: [Synth 8-3331] design tlast_design_1_auto_ss_slid_1 has unconnected port tdest[3]
WARNING: [Synth 8-3331] design tlast_design_1_auto_ss_slid_1 has unconnected port tdest[2]
WARNING: [Synth 8-3331] design tlast_design_1_auto_ss_slid_1 has unconnected port tdest[1]
WARNING: [Synth 8-3331] design tlast_design_1_auto_ss_slid_1 has unconnected port tdest[0]
WARNING: [Synth 8-3331] design tlast_design_1_auto_ss_slid_1 has unconnected port tkeep[3]
WARNING: [Synth 8-3331] design tlast_design_1_auto_ss_slid_1 has unconnected port tkeep[2]
WARNING: [Synth 8-3331] design tlast_design_1_auto_ss_slid_1 has unconnected port tkeep[1]
WARNING: [Synth 8-3331] design tlast_design_1_auto_ss_slid_1 has unconnected port tkeep[0]
WARNING: [Synth 8-3331] design tlast_design_1_auto_ss_slid_1 has unconnected port tstrb[3]
WARNING: [Synth 8-3331] design tlast_design_1_auto_ss_slid_1 has unconnected port tstrb[2]
WARNING: [Synth 8-3331] design tlast_design_1_auto_ss_slid_1 has unconnected port tstrb[1]
WARNING: [Synth 8-3331] design tlast_design_1_auto_ss_slid_1 has unconnected port tstrb[0]
WARNING: [Synth 8-3331] design tkeep_design_1_auto_ss_slid_1 has unconnected port tdata[31]
WARNING: [Synth 8-3331] design tkeep_design_1_auto_ss_slid_1 has unconnected port tdata[30]
WARNING: [Synth 8-3331] design tkeep_design_1_auto_ss_slid_1 has unconnected port tdata[29]
WARNING: [Synth 8-3331] design tkeep_design_1_auto_ss_slid_1 has unconnected port tdata[28]
WARNING: [Synth 8-3331] design tkeep_design_1_auto_ss_slid_1 has unconnected port tdata[27]
WARNING: [Synth 8-3331] design tkeep_design_1_auto_ss_slid_1 has unconnected port tdata[26]
WARNING: [Synth 8-3331] design tkeep_design_1_auto_ss_slid_1 has unconnected port tdata[25]
WARNING: [Synth 8-3331] design tkeep_design_1_auto_ss_slid_1 has unconnected port tdata[24]
WARNING: [Synth 8-3331] design tkeep_design_1_auto_ss_slid_1 has unconnected port tdata[23]
WARNING: [Synth 8-3331] design tkeep_design_1_auto_ss_slid_1 has unconnected port tdata[22]
WARNING: [Synth 8-3331] design tkeep_design_1_auto_ss_slid_1 has unconnected port tdata[21]
WARNING: [Synth 8-3331] design tkeep_design_1_auto_ss_slid_1 has unconnected port tdata[20]
WARNING: [Synth 8-3331] design tkeep_design_1_auto_ss_slid_1 has unconnected port tdata[19]
WARNING: [Synth 8-3331] design tkeep_design_1_auto_ss_slid_1 has unconnected port tdata[18]
WARNING: [Synth 8-3331] design tkeep_design_1_auto_ss_slid_1 has unconnected port tdata[17]
WARNING: [Synth 8-3331] design tkeep_design_1_auto_ss_slid_1 has unconnected port tdata[16]
WARNING: [Synth 8-3331] design tkeep_design_1_auto_ss_slid_1 has unconnected port tdata[15]
WARNING: [Synth 8-3331] design tkeep_design_1_auto_ss_slid_1 has unconnected port tdata[14]
WARNING: [Synth 8-3331] design tkeep_design_1_auto_ss_slid_1 has unconnected port tdata[13]
WARNING: [Synth 8-3331] design tkeep_design_1_auto_ss_slid_1 has unconnected port tdata[12]
WARNING: [Synth 8-3331] design tkeep_design_1_auto_ss_slid_1 has unconnected port tdata[11]
WARNING: [Synth 8-3331] design tkeep_design_1_auto_ss_slid_1 has unconnected port tdata[10]
WARNING: [Synth 8-3331] design tkeep_design_1_auto_ss_slid_1 has unconnected port tdata[9]
WARNING: [Synth 8-3331] design tkeep_design_1_auto_ss_slid_1 has unconnected port tdata[8]
WARNING: [Synth 8-3331] design tkeep_design_1_auto_ss_slid_1 has unconnected port tdata[7]
WARNING: [Synth 8-3331] design tkeep_design_1_auto_ss_slid_1 has unconnected port tdata[6]
WARNING: [Synth 8-3331] design tkeep_design_1_auto_ss_slid_1 has unconnected port tdata[5]
WARNING: [Synth 8-3331] design tkeep_design_1_auto_ss_slid_1 has unconnected port tdata[4]
WARNING: [Synth 8-3331] design tkeep_design_1_auto_ss_slid_1 has unconnected port tdata[3]
WARNING: [Synth 8-3331] design tkeep_design_1_auto_ss_slid_1 has unconnected port tdata[2]
WARNING: [Synth 8-3331] design tkeep_design_1_auto_ss_slid_1 has unconnected port tdata[1]
WARNING: [Synth 8-3331] design tkeep_design_1_auto_ss_slid_1 has unconnected port tdata[0]
INFO: [Common 17-14] Message 'Synth 8-3331' appears 100 times and further instances of the messages will be disabled. Use the Tcl command set_msg_config to change the current settings.
---------------------------------------------------------------------------------
Finished RTL Elaboration : Time (s): cpu = 00:00:11 ; elapsed = 00:00:19 . Memory (MB): peak = 453.715 ; gain = 150.547
---------------------------------------------------------------------------------

Report Check Netlist: 
+------+------------------+-------+---------+-------+------------------+
|      |Item              |Errors |Warnings |Status |Description       |
+------+------------------+-------+---------+-------+------------------+
|1     |multi_driven_nets |      0|        0|Passed |Multi driven nets |
+------+------------------+-------+---------+-------+------------------+
---------------------------------------------------------------------------------
Start Handling Custom Attributes
---------------------------------------------------------------------------------
---------------------------------------------------------------------------------
Finished Handling Custom Attributes : Time (s): cpu = 00:00:11 ; elapsed = 00:00:19 . Memory (MB): peak = 453.715 ; gain = 150.547
---------------------------------------------------------------------------------
---------------------------------------------------------------------------------
Finished RTL Optimization Phase 1 : Time (s): cpu = 00:00:11 ; elapsed = 00:00:19 . Memory (MB): peak = 453.715 ; gain = 150.547
---------------------------------------------------------------------------------
INFO: [Device 21-403] Loading part xc7a100tcsg324-1
INFO: [Project 1-570] Preparing netlist for logic optimization

Processing XDC Constraints
Initializing timing engine
Parsing XDC File [c:/Users/Caio/Dropbox/Vfilter_2/project_1_filter/project_1_filter.srcs/sources_1/bd/design_1/ip/design_1_auto_ss_slid_1/design_1_auto_ss_slid_1_ooc.xdc] for cell 'inst'
Finished Parsing XDC File [c:/Users/Caio/Dropbox/Vfilter_2/project_1_filter/project_1_filter.srcs/sources_1/bd/design_1/ip/design_1_auto_ss_slid_1/design_1_auto_ss_slid_1_ooc.xdc] for cell 'inst'
Parsing XDC File [C:/Users/Caio/Dropbox/Vfilter_2/project_1_filter/project_1_filter.runs/design_1_auto_ss_slid_1_synth_1/dont_touch.xdc]
Finished Parsing XDC File [C:/Users/Caio/Dropbox/Vfilter_2/project_1_filter/project_1_filter.runs/design_1_auto_ss_slid_1_synth_1/dont_touch.xdc]
Completed Processing XDC Constraints

INFO: [Project 1-111] Unisim Transformation Summary:
No Unisim elements were transformed.

Constraint Validation Runtime : Time (s): cpu = 00:00:00 ; elapsed = 00:00:00.941 . Memory (MB): peak = 696.262 ; gain = 0.000
---------------------------------------------------------------------------------
Finished Constraint Validation : Time (s): cpu = 00:00:30 ; elapsed = 00:00:50 . Memory (MB): peak = 696.262 ; gain = 393.094
---------------------------------------------------------------------------------
---------------------------------------------------------------------------------
Start Loading Part and Timing Information
---------------------------------------------------------------------------------
Loading part: xc7a100tcsg324-1
---------------------------------------------------------------------------------
Finished Loading Part and Timing Information : Time (s): cpu = 00:00:30 ; elapsed = 00:00:50 . Memory (MB): peak = 696.262 ; gain = 393.094
---------------------------------------------------------------------------------
---------------------------------------------------------------------------------
Start Applying 'set_property' XDC Constraints
---------------------------------------------------------------------------------
Applied set_property DONT_TOUCH = true for inst. (constraint file  C:/Users/Caio/Dropbox/Vfilter_2/project_1_filter/project_1_filter.runs/design_1_auto_ss_slid_1_synth_1/dont_touch.xdc, line 9).
---------------------------------------------------------------------------------
Finished applying 'set_property' XDC Constraints : Time (s): cpu = 00:00:30 ; elapsed = 00:00:50 . Memory (MB): peak = 696.262 ; gain = 393.094
---------------------------------------------------------------------------------
---------------------------------------------------------------------------------
Finished RTL Optimization Phase 2 : Time (s): cpu = 00:00:30 ; elapsed = 00:00:50 . Memory (MB): peak = 696.262 ; gain = 393.094
---------------------------------------------------------------------------------

Report RTL Partitions: 
+-+--------------+------------+----------+
| |RTL Partition |Replication |Instances |
+-+--------------+------------+----------+
+-+--------------+------------+----------+
---------------------------------------------------------------------------------
Start RTL Component Statistics 
---------------------------------------------------------------------------------
Detailed RTL Component Info : 
---------------------------------------------------------------------------------
Finished RTL Component Statistics 
---------------------------------------------------------------------------------
---------------------------------------------------------------------------------
Start RTL Hierarchical Component Statistics 
---------------------------------------------------------------------------------
Hierarchical RTL Component report 
---------------------------------------------------------------------------------
Finished RTL Hierarchical Component Statistics
---------------------------------------------------------------------------------
---------------------------------------------------------------------------------
Start Part Resource Summary
---------------------------------------------------------------------------------
Part Resources:
DSPs: 240 (col length:80)
BRAMs: 270 (col length: RAMB18 80 RAMB36 40)
---------------------------------------------------------------------------------
Finished Part Resource Summary
---------------------------------------------------------------------------------
---------------------------------------------------------------------------------
Start Cross Boundary and Area Optimization
---------------------------------------------------------------------------------
Warning: Parallel synthesis criteria is not met 
---------------------------------------------------------------------------------
Finished Cross Boundary and Area Optimization : Time (s): cpu = 00:00:31 ; elapsed = 00:00:51 . Memory (MB): peak = 696.262 ; gain = 393.094
---------------------------------------------------------------------------------

Report RTL Partitions: 
+-+--------------+------------+----------+
| |RTL Partition |Replication |Instances |
+-+--------------+------------+----------+
+-+--------------+------------+----------+
---------------------------------------------------------------------------------
Start Applying XDC Timing Constraints
---------------------------------------------------------------------------------
---------------------------------------------------------------------------------
Finished Applying XDC Timing Constraints : Time (s): cpu = 00:00:45 ; elapsed = 00:01:07 . Memory (MB): peak = 768.738 ; gain = 465.570
---------------------------------------------------------------------------------
---------------------------------------------------------------------------------
Start Timing Optimization
---------------------------------------------------------------------------------
---------------------------------------------------------------------------------
Finished Timing Optimization : Time (s): cpu = 00:00:45 ; elapsed = 00:01:07 . Memory (MB): peak = 768.738 ; gain = 465.570
---------------------------------------------------------------------------------

Report RTL Partitions: 
+-+--------------+------------+----------+
| |RTL Partition |Replication |Instances |
+-+--------------+------------+----------+
+-+--------------+------------+----------+
---------------------------------------------------------------------------------
Start Technology Mapping
---------------------------------------------------------------------------------
---------------------------------------------------------------------------------
Finished Technology Mapping : Time (s): cpu = 00:00:45 ; elapsed = 00:01:07 . Memory (MB): peak = 768.875 ; gain = 465.707
---------------------------------------------------------------------------------

Report RTL Partitions: 
+-+--------------+------------+----------+
| |RTL Partition |Replication |Instances |
+-+--------------+------------+----------+
+-+--------------+------------+----------+
---------------------------------------------------------------------------------
Start IO Insertion
---------------------------------------------------------------------------------
---------------------------------------------------------------------------------
Start Flattening Before IO Insertion
---------------------------------------------------------------------------------
---------------------------------------------------------------------------------
Finished Flattening Before IO Insertion
---------------------------------------------------------------------------------
---------------------------------------------------------------------------------
Start Final Netlist Cleanup
---------------------------------------------------------------------------------
---------------------------------------------------------------------------------
Finished Final Netlist Cleanup
---------------------------------------------------------------------------------
---------------------------------------------------------------------------------
Finished IO Insertion : Time (s): cpu = 00:00:47 ; elapsed = 00:01:09 . Memory (MB): peak = 770.438 ; gain = 467.270
---------------------------------------------------------------------------------

Report Check Netlist: 
+------+------------------+-------+---------+-------+------------------+
|      |Item              |Errors |Warnings |Status |Description       |
+------+------------------+-------+---------+-------+------------------+
|1     |multi_driven_nets |      0|        0|Passed |Multi driven nets |
+------+------------------+-------+---------+-------+------------------+
---------------------------------------------------------------------------------
Start Renaming Generated Instances
---------------------------------------------------------------------------------
---------------------------------------------------------------------------------
Finished Renaming Generated Instances : Time (s): cpu = 00:00:47 ; elapsed = 00:01:09 . Memory (MB): peak = 770.438 ; gain = 467.270
---------------------------------------------------------------------------------

Report RTL Partitions: 
+-+--------------+------------+----------+
| |RTL Partition |Replication |Instances |
+-+--------------+------------+----------+
+-+--------------+------------+----------+
---------------------------------------------------------------------------------
Start Rebuilding User Hierarchy
---------------------------------------------------------------------------------
---------------------------------------------------------------------------------
Finished Rebuilding User Hierarchy : Time (s): cpu = 00:00:47 ; elapsed = 00:01:09 . Memory (MB): peak = 770.438 ; gain = 467.270
---------------------------------------------------------------------------------
---------------------------------------------------------------------------------
Start Renaming Generated Ports
---------------------------------------------------------------------------------
---------------------------------------------------------------------------------
Finished Renaming Generated Ports : Time (s): cpu = 00:00:47 ; elapsed = 00:01:09 . Memory (MB): peak = 770.438 ; gain = 467.270
---------------------------------------------------------------------------------
---------------------------------------------------------------------------------
Start Handling Custom Attributes
---------------------------------------------------------------------------------
---------------------------------------------------------------------------------
Finished Handling Custom Attributes : Time (s): cpu = 00:00:47 ; elapsed = 00:01:09 . Memory (MB): peak = 770.438 ; gain = 467.270
---------------------------------------------------------------------------------
---------------------------------------------------------------------------------
Start Renaming Generated Nets
---------------------------------------------------------------------------------
---------------------------------------------------------------------------------
Finished Renaming Generated Nets : Time (s): cpu = 00:00:47 ; elapsed = 00:01:09 . Memory (MB): peak = 770.438 ; gain = 467.270
---------------------------------------------------------------------------------
---------------------------------------------------------------------------------
Start Writing Synthesis Report
---------------------------------------------------------------------------------

Report BlackBoxes: 
+-+--------------+----------+
| |BlackBox name |Instances |
+-+--------------+----------+
+-+--------------+----------+

Report Cell Usage: 
+-+-----+------+
| |Cell |Count |
+-+-----+------+
+-+-----+------+

Report Instance Areas: 
+------+---------+----------------------------+------+
|      |Instance |Module                      |Cells |
+------+---------+----------------------------+------+
|1     |top      |                            |     0|
|2     |  inst   |top_design_1_auto_ss_slid_1 |     0|
+------+---------+----------------------------+------+
---------------------------------------------------------------------------------
Finished Writing Synthesis Report : Time (s): cpu = 00:00:47 ; elapsed = 00:01:09 . Memory (MB): peak = 770.438 ; gain = 467.270
---------------------------------------------------------------------------------
Synthesis finished with 0 errors, 0 critical warnings and 15 warnings.
Synthesis Optimization Runtime : Time (s): cpu = 00:00:26 ; elapsed = 00:00:49 . Memory (MB): peak = 770.438 ; gain = 224.723
Synthesis Optimization Complete : Time (s): cpu = 00:00:47 ; elapsed = 00:01:09 . Memory (MB): peak = 770.441 ; gain = 467.270
INFO: [Project 1-571] Translating synthesized netlist
INFO: [Project 1-570] Preparing netlist for logic optimization
INFO: [Opt 31-138] Pushed 0 inverter(s) to 0 load pin(s).
INFO: [Project 1-111] Unisim Transformation Summary:
No Unisim elements were transformed.

INFO: [Common 17-83] Releasing license: Synthesis
30 Infos, 100 Warnings, 0 Critical Warnings and 0 Errors encountered.
synth_design completed successfully
synth_design: Time (s): cpu = 00:00:49 ; elapsed = 00:01:13 . Memory (MB): peak = 794.969 ; gain = 503.457
INFO: [Common 17-1381] The checkpoint 'C:/Users/Caio/Dropbox/Vfilter_2/project_1_filter/project_1_filter.runs/design_1_auto_ss_slid_1_synth_1/design_1_auto_ss_slid_1.dcp' has been generated.
