
*** Running vivado
    with args -log design_1_auto_us_1.vds -m64 -product Vivado -mode batch -messageDb vivado.pb -notrace -source design_1_auto_us_1.tcl


****** Vivado v2018.1 (64-bit)
  **** SW Build 2188600 on Wed Apr  4 18:40:38 MDT 2018
  **** IP Build 2185939 on Wed Apr  4 20:55:05 MDT 2018
    ** Copyright 1986-2018 Xilinx, Inc. All Rights Reserved.

source design_1_auto_us_1.tcl -notrace
Command: synth_design -top design_1_auto_us_1 -part xc7a100tcsg324-1 -mode out_of_context
Starting synth_design
Attempting to get a license for feature 'Synthesis' and/or device 'xc7a100t'
INFO: [Common 17-349] Got license for feature 'Synthesis' and/or device 'xc7a100t'
INFO: Launching helper process for spawning children vivado processes
INFO: Helper process launched with PID 2644 
---------------------------------------------------------------------------------
Starting RTL Elaboration : Time (s): cpu = 00:00:09 ; elapsed = 00:00:18 . Memory (MB): peak = 404.738 ; gain = 101.223
---------------------------------------------------------------------------------
INFO: [Synth 8-6157] synthesizing module 'design_1_auto_us_1' [c:/Users/Caio/Dropbox/Vfilter_2/project_1_filter/project_1_filter.srcs/sources_1/bd/design_1/ip/design_1_auto_us_1/synth/design_1_auto_us_1.v:57]
INFO: [Synth 8-6157] synthesizing module 'axis_dwidth_converter_v1_1_15_axis_dwidth_converter' [c:/Users/Caio/Dropbox/Vfilter_2/project_1_filter/project_1_filter.srcs/sources_1/bd/design_1/ipshared/052c/hdl/axis_dwidth_converter_v1_1_vl_rfs.v:810]
	Parameter C_FAMILY bound to: artix7 - type: string 
	Parameter C_S_AXIS_TDATA_WIDTH bound to: 8 - type: integer 
	Parameter C_M_AXIS_TDATA_WIDTH bound to: 32 - type: integer 
	Parameter C_AXIS_TID_WIDTH bound to: 2 - type: integer 
	Parameter C_AXIS_TDEST_WIDTH bound to: 6 - type: integer 
	Parameter C_S_AXIS_TUSER_WIDTH bound to: 5 - type: integer 
	Parameter C_M_AXIS_TUSER_WIDTH bound to: 20 - type: integer 
	Parameter C_AXIS_SIGNAL_SET bound to: 32'b00000000000000000000000011111111 
	Parameter G_INDX_SS_TREADY bound to: 0 - type: integer 
	Parameter G_INDX_SS_TDATA bound to: 1 - type: integer 
	Parameter G_INDX_SS_TSTRB bound to: 2 - type: integer 
	Parameter G_INDX_SS_TKEEP bound to: 3 - type: integer 
	Parameter G_INDX_SS_TLAST bound to: 4 - type: integer 
	Parameter G_INDX_SS_TID bound to: 5 - type: integer 
	Parameter G_INDX_SS_TDEST bound to: 6 - type: integer 
	Parameter G_INDX_SS_TUSER bound to: 7 - type: integer 
	Parameter G_MASK_SS_TREADY bound to: 1 - type: integer 
	Parameter G_MASK_SS_TDATA bound to: 2 - type: integer 
	Parameter G_MASK_SS_TSTRB bound to: 4 - type: integer 
	Parameter G_MASK_SS_TKEEP bound to: 8 - type: integer 
	Parameter G_MASK_SS_TLAST bound to: 16 - type: integer 
	Parameter G_MASK_SS_TID bound to: 32 - type: integer 
	Parameter G_MASK_SS_TDEST bound to: 64 - type: integer 
	Parameter G_MASK_SS_TUSER bound to: 128 - type: integer 
	Parameter G_TASK_SEVERITY_ERR bound to: 2 - type: integer 
	Parameter G_TASK_SEVERITY_WARNING bound to: 1 - type: integer 
	Parameter G_TASK_SEVERITY_INFO bound to: 0 - type: integer 
	Parameter P_SS_TKEEP_REQUIRED bound to: 8 - type: integer 
	Parameter P_AXIS_SIGNAL_SET bound to: 32'b00000000000000000000000011111111 
	Parameter P_S_RATIO bound to: 4 - type: integer 
	Parameter P_M_RATIO bound to: 1 - type: integer 
	Parameter P_D2_TDATA_WIDTH bound to: 32 - type: integer 
	Parameter P_D1_TUSER_WIDTH bound to: 5 - type: integer 
	Parameter P_D2_TUSER_WIDTH bound to: 20 - type: integer 
	Parameter P_D3_TUSER_WIDTH bound to: 20 - type: integer 
	Parameter P_D1_REG_CONFIG bound to: 0 - type: integer 
	Parameter P_D3_REG_CONFIG bound to: 0 - type: integer 
INFO: [Synth 8-6157] synthesizing module 'axis_dwidth_converter_v1_1_15_axisc_upsizer' [c:/Users/Caio/Dropbox/Vfilter_2/project_1_filter/project_1_filter.srcs/sources_1/bd/design_1/ipshared/052c/hdl/axis_dwidth_converter_v1_1_vl_rfs.v:437]
	Parameter C_FAMILY bound to: artix7 - type: string 
	Parameter C_S_AXIS_TDATA_WIDTH bound to: 8 - type: integer 
	Parameter C_M_AXIS_TDATA_WIDTH bound to: 32 - type: integer 
	Parameter C_AXIS_TID_WIDTH bound to: 2 - type: integer 
	Parameter C_AXIS_TDEST_WIDTH bound to: 6 - type: integer 
	Parameter C_S_AXIS_TUSER_WIDTH bound to: 5 - type: integer 
	Parameter C_M_AXIS_TUSER_WIDTH bound to: 20 - type: integer 
	Parameter C_AXIS_SIGNAL_SET bound to: 32'b00000000000000000000000011111111 
	Parameter C_RATIO bound to: 4 - type: integer 
	Parameter G_INDX_SS_TREADY bound to: 0 - type: integer 
	Parameter G_INDX_SS_TDATA bound to: 1 - type: integer 
	Parameter G_INDX_SS_TSTRB bound to: 2 - type: integer 
	Parameter G_INDX_SS_TKEEP bound to: 3 - type: integer 
	Parameter G_INDX_SS_TLAST bound to: 4 - type: integer 
	Parameter G_INDX_SS_TID bound to: 5 - type: integer 
	Parameter G_INDX_SS_TDEST bound to: 6 - type: integer 
	Parameter G_INDX_SS_TUSER bound to: 7 - type: integer 
	Parameter G_MASK_SS_TREADY bound to: 1 - type: integer 
	Parameter G_MASK_SS_TDATA bound to: 2 - type: integer 
	Parameter G_MASK_SS_TSTRB bound to: 4 - type: integer 
	Parameter G_MASK_SS_TKEEP bound to: 8 - type: integer 
	Parameter G_MASK_SS_TLAST bound to: 16 - type: integer 
	Parameter G_MASK_SS_TID bound to: 32 - type: integer 
	Parameter G_MASK_SS_TDEST bound to: 64 - type: integer 
	Parameter G_MASK_SS_TUSER bound to: 128 - type: integer 
	Parameter G_TASK_SEVERITY_ERR bound to: 2 - type: integer 
	Parameter G_TASK_SEVERITY_WARNING bound to: 1 - type: integer 
	Parameter G_TASK_SEVERITY_INFO bound to: 0 - type: integer 
	Parameter P_READY_EXIST bound to: 1'b1 
	Parameter P_DATA_EXIST bound to: 1'b1 
	Parameter P_STRB_EXIST bound to: 1'b1 
	Parameter P_KEEP_EXIST bound to: 1'b1 
	Parameter P_LAST_EXIST bound to: 1'b1 
	Parameter P_ID_EXIST bound to: 1'b1 
	Parameter P_DEST_EXIST bound to: 1'b1 
	Parameter P_USER_EXIST bound to: 1'b1 
	Parameter P_S_AXIS_TSTRB_WIDTH bound to: 1 - type: integer 
	Parameter P_M_AXIS_TSTRB_WIDTH bound to: 4 - type: integer 
	Parameter SM_RESET bound to: 3'b000 
	Parameter SM_IDLE bound to: 3'b001 
	Parameter SM_ACTIVE bound to: 3'b101 
	Parameter SM_END bound to: 3'b011 
	Parameter SM_END_TO_ACTIVE bound to: 3'b010 
INFO: [Synth 8-5534] Detected attribute (* fsm_encoding = "none" *) [c:/Users/Caio/Dropbox/Vfilter_2/project_1_filter/project_1_filter.srcs/sources_1/bd/design_1/ipshared/052c/hdl/axis_dwidth_converter_v1_1_vl_rfs.v:525]
INFO: [Synth 8-6155] done synthesizing module 'axis_dwidth_converter_v1_1_15_axisc_upsizer' (1#1) [c:/Users/Caio/Dropbox/Vfilter_2/project_1_filter/project_1_filter.srcs/sources_1/bd/design_1/ipshared/052c/hdl/axis_dwidth_converter_v1_1_vl_rfs.v:437]
INFO: [Synth 8-6157] synthesizing module 'axis_register_slice_v1_1_16_axis_register_slice' [c:/Users/Caio/Dropbox/Vfilter_2/project_1_filter/project_1_filter.srcs/sources_1/bd/design_1/ipshared/000e/hdl/axis_register_slice_v1_1_vl_rfs.v:2254]
	Parameter C_FAMILY bound to: artix7 - type: string 
	Parameter C_AXIS_TDATA_WIDTH bound to: 8 - type: integer 
	Parameter C_AXIS_TID_WIDTH bound to: 2 - type: integer 
	Parameter C_AXIS_TDEST_WIDTH bound to: 6 - type: integer 
	Parameter C_AXIS_TUSER_WIDTH bound to: 5 - type: integer 
	Parameter C_AXIS_SIGNAL_SET bound to: 32'b00000000000000000000000011111111 
	Parameter C_REG_CONFIG bound to: 0 - type: integer 
	Parameter C_NUM_SLR_CROSSINGS bound to: 0 - type: integer 
	Parameter C_PIPELINES_MASTER bound to: 0 - type: integer 
	Parameter C_PIPELINES_SLAVE bound to: 0 - type: integer 
	Parameter C_PIPELINES_MIDDLE bound to: 0 - type: integer 
	Parameter G_INDX_SS_TREADY bound to: 0 - type: integer 
	Parameter G_INDX_SS_TDATA bound to: 1 - type: integer 
	Parameter G_INDX_SS_TSTRB bound to: 2 - type: integer 
	Parameter G_INDX_SS_TKEEP bound to: 3 - type: integer 
	Parameter G_INDX_SS_TLAST bound to: 4 - type: integer 
	Parameter G_INDX_SS_TID bound to: 5 - type: integer 
	Parameter G_INDX_SS_TDEST bound to: 6 - type: integer 
	Parameter G_INDX_SS_TUSER bound to: 7 - type: integer 
	Parameter G_MASK_SS_TREADY bound to: 1 - type: integer 
	Parameter G_MASK_SS_TDATA bound to: 2 - type: integer 
	Parameter G_MASK_SS_TSTRB bound to: 4 - type: integer 
	Parameter G_MASK_SS_TKEEP bound to: 8 - type: integer 
	Parameter G_MASK_SS_TLAST bound to: 16 - type: integer 
	Parameter G_MASK_SS_TID bound to: 32 - type: integer 
	Parameter G_MASK_SS_TDEST bound to: 64 - type: integer 
	Parameter G_MASK_SS_TUSER bound to: 128 - type: integer 
	Parameter G_TASK_SEVERITY_ERR bound to: 2 - type: integer 
	Parameter G_TASK_SEVERITY_WARNING bound to: 1 - type: integer 
	Parameter G_TASK_SEVERITY_INFO bound to: 0 - type: integer 
	Parameter P_TPAYLOAD_WIDTH bound to: 24 - type: integer 
INFO: [Synth 8-6157] synthesizing module 'axis_infrastructure_v1_1_0_util_axis2vector' [c:/Users/Caio/Dropbox/Vfilter_2/project_1_filter/project_1_filter.srcs/sources_1/bd/design_1/ipshared/0ab1/hdl/axis_infrastructure_v1_1_vl_rfs.v:810]
	Parameter C_TDATA_WIDTH bound to: 8 - type: integer 
	Parameter C_TID_WIDTH bound to: 2 - type: integer 
	Parameter C_TDEST_WIDTH bound to: 6 - type: integer 
	Parameter C_TUSER_WIDTH bound to: 5 - type: integer 
	Parameter C_TPAYLOAD_WIDTH bound to: 24 - type: integer 
	Parameter C_SIGNAL_SET bound to: 32'b00000000000000000000000011111111 
	Parameter G_INDX_SS_TREADY bound to: 0 - type: integer 
	Parameter G_INDX_SS_TDATA bound to: 1 - type: integer 
	Parameter G_INDX_SS_TSTRB bound to: 2 - type: integer 
	Parameter G_INDX_SS_TKEEP bound to: 3 - type: integer 
	Parameter G_INDX_SS_TLAST bound to: 4 - type: integer 
	Parameter G_INDX_SS_TID bound to: 5 - type: integer 
	Parameter G_INDX_SS_TDEST bound to: 6 - type: integer 
	Parameter G_INDX_SS_TUSER bound to: 7 - type: integer 
	Parameter G_MASK_SS_TREADY bound to: 1 - type: integer 
	Parameter G_MASK_SS_TDATA bound to: 2 - type: integer 
	Parameter G_MASK_SS_TSTRB bound to: 4 - type: integer 
	Parameter G_MASK_SS_TKEEP bound to: 8 - type: integer 
	Parameter G_MASK_SS_TLAST bound to: 16 - type: integer 
	Parameter G_MASK_SS_TID bound to: 32 - type: integer 
	Parameter G_MASK_SS_TDEST bound to: 64 - type: integer 
	Parameter G_MASK_SS_TUSER bound to: 128 - type: integer 
	Parameter G_TASK_SEVERITY_ERR bound to: 2 - type: integer 
	Parameter G_TASK_SEVERITY_WARNING bound to: 1 - type: integer 
	Parameter G_TASK_SEVERITY_INFO bound to: 0 - type: integer 
	Parameter P_TDATA_INDX bound to: 0 - type: integer 
	Parameter P_TSTRB_INDX bound to: 8 - type: integer 
	Parameter P_TKEEP_INDX bound to: 9 - type: integer 
	Parameter P_TLAST_INDX bound to: 10 - type: integer 
	Parameter P_TID_INDX bound to: 11 - type: integer 
	Parameter P_TDEST_INDX bound to: 13 - type: integer 
	Parameter P_TUSER_INDX bound to: 19 - type: integer 
INFO: [Synth 8-6155] done synthesizing module 'axis_infrastructure_v1_1_0_util_axis2vector' (2#1) [c:/Users/Caio/Dropbox/Vfilter_2/project_1_filter/project_1_filter.srcs/sources_1/bd/design_1/ipshared/0ab1/hdl/axis_infrastructure_v1_1_vl_rfs.v:810]
INFO: [Synth 8-6157] synthesizing module 'axis_register_slice_v1_1_16_axisc_register_slice' [c:/Users/Caio/Dropbox/Vfilter_2/project_1_filter/project_1_filter.srcs/sources_1/bd/design_1/ipshared/000e/hdl/axis_register_slice_v1_1_vl_rfs.v:1443]
	Parameter C_FAMILY bound to: artix7 - type: string 
	Parameter C_DATA_WIDTH bound to: 24 - type: integer 
	Parameter C_REG_CONFIG bound to: 0 - type: integer 
	Parameter C_NUM_SLR_CROSSINGS bound to: 0 - type: integer 
	Parameter C_PIPELINES_MASTER bound to: 0 - type: integer 
	Parameter C_PIPELINES_SLAVE bound to: 0 - type: integer 
	Parameter C_PIPELINES_MIDDLE bound to: 0 - type: integer 
INFO: [Synth 8-6155] done synthesizing module 'axis_register_slice_v1_1_16_axisc_register_slice' (3#1) [c:/Users/Caio/Dropbox/Vfilter_2/project_1_filter/project_1_filter.srcs/sources_1/bd/design_1/ipshared/000e/hdl/axis_register_slice_v1_1_vl_rfs.v:1443]
INFO: [Synth 8-6157] synthesizing module 'axis_infrastructure_v1_1_0_util_vector2axis' [c:/Users/Caio/Dropbox/Vfilter_2/project_1_filter/project_1_filter.srcs/sources_1/bd/design_1/ipshared/0ab1/hdl/axis_infrastructure_v1_1_vl_rfs.v:992]
	Parameter C_TDATA_WIDTH bound to: 8 - type: integer 
	Parameter C_TID_WIDTH bound to: 2 - type: integer 
	Parameter C_TDEST_WIDTH bound to: 6 - type: integer 
	Parameter C_TUSER_WIDTH bound to: 5 - type: integer 
	Parameter C_TPAYLOAD_WIDTH bound to: 24 - type: integer 
	Parameter C_SIGNAL_SET bound to: 32'b00000000000000000000000011111111 
	Parameter G_INDX_SS_TREADY bound to: 0 - type: integer 
	Parameter G_INDX_SS_TDATA bound to: 1 - type: integer 
	Parameter G_INDX_SS_TSTRB bound to: 2 - type: integer 
	Parameter G_INDX_SS_TKEEP bound to: 3 - type: integer 
	Parameter G_INDX_SS_TLAST bound to: 4 - type: integer 
	Parameter G_INDX_SS_TID bound to: 5 - type: integer 
	Parameter G_INDX_SS_TDEST bound to: 6 - type: integer 
	Parameter G_INDX_SS_TUSER bound to: 7 - type: integer 
	Parameter G_MASK_SS_TREADY bound to: 1 - type: integer 
	Parameter G_MASK_SS_TDATA bound to: 2 - type: integer 
	Parameter G_MASK_SS_TSTRB bound to: 4 - type: integer 
	Parameter G_MASK_SS_TKEEP bound to: 8 - type: integer 
	Parameter G_MASK_SS_TLAST bound to: 16 - type: integer 
	Parameter G_MASK_SS_TID bound to: 32 - type: integer 
	Parameter G_MASK_SS_TDEST bound to: 64 - type: integer 
	Parameter G_MASK_SS_TUSER bound to: 128 - type: integer 
	Parameter G_TASK_SEVERITY_ERR bound to: 2 - type: integer 
	Parameter G_TASK_SEVERITY_WARNING bound to: 1 - type: integer 
	Parameter G_TASK_SEVERITY_INFO bound to: 0 - type: integer 
	Parameter P_TDATA_INDX bound to: 0 - type: integer 
	Parameter P_TSTRB_INDX bound to: 8 - type: integer 
	Parameter P_TKEEP_INDX bound to: 9 - type: integer 
	Parameter P_TLAST_INDX bound to: 10 - type: integer 
	Parameter P_TID_INDX bound to: 11 - type: integer 
	Parameter P_TDEST_INDX bound to: 13 - type: integer 
	Parameter P_TUSER_INDX bound to: 19 - type: integer 
INFO: [Synth 8-6155] done synthesizing module 'axis_infrastructure_v1_1_0_util_vector2axis' (4#1) [c:/Users/Caio/Dropbox/Vfilter_2/project_1_filter/project_1_filter.srcs/sources_1/bd/design_1/ipshared/0ab1/hdl/axis_infrastructure_v1_1_vl_rfs.v:992]
INFO: [Synth 8-6155] done synthesizing module 'axis_register_slice_v1_1_16_axis_register_slice' (5#1) [c:/Users/Caio/Dropbox/Vfilter_2/project_1_filter/project_1_filter.srcs/sources_1/bd/design_1/ipshared/000e/hdl/axis_register_slice_v1_1_vl_rfs.v:2254]
INFO: [Synth 8-6157] synthesizing module 'axis_register_slice_v1_1_16_axis_register_slice__parameterized0' [c:/Users/Caio/Dropbox/Vfilter_2/project_1_filter/project_1_filter.srcs/sources_1/bd/design_1/ipshared/000e/hdl/axis_register_slice_v1_1_vl_rfs.v:2254]
	Parameter C_FAMILY bound to: artix7 - type: string 
	Parameter C_AXIS_TDATA_WIDTH bound to: 32 - type: integer 
	Parameter C_AXIS_TID_WIDTH bound to: 2 - type: integer 
	Parameter C_AXIS_TDEST_WIDTH bound to: 6 - type: integer 
	Parameter C_AXIS_TUSER_WIDTH bound to: 20 - type: integer 
	Parameter C_AXIS_SIGNAL_SET bound to: 32'b00000000000000000000000011111111 
	Parameter C_REG_CONFIG bound to: 0 - type: integer 
	Parameter C_NUM_SLR_CROSSINGS bound to: 0 - type: integer 
	Parameter C_PIPELINES_MASTER bound to: 0 - type: integer 
	Parameter C_PIPELINES_SLAVE bound to: 0 - type: integer 
	Parameter C_PIPELINES_MIDDLE bound to: 0 - type: integer 
	Parameter G_INDX_SS_TREADY bound to: 0 - type: integer 
	Parameter G_INDX_SS_TDATA bound to: 1 - type: integer 
	Parameter G_INDX_SS_TSTRB bound to: 2 - type: integer 
	Parameter G_INDX_SS_TKEEP bound to: 3 - type: integer 
	Parameter G_INDX_SS_TLAST bound to: 4 - type: integer 
	Parameter G_INDX_SS_TID bound to: 5 - type: integer 
	Parameter G_INDX_SS_TDEST bound to: 6 - type: integer 
	Parameter G_INDX_SS_TUSER bound to: 7 - type: integer 
	Parameter G_MASK_SS_TREADY bound to: 1 - type: integer 
	Parameter G_MASK_SS_TDATA bound to: 2 - type: integer 
	Parameter G_MASK_SS_TSTRB bound to: 4 - type: integer 
	Parameter G_MASK_SS_TKEEP bound to: 8 - type: integer 
	Parameter G_MASK_SS_TLAST bound to: 16 - type: integer 
	Parameter G_MASK_SS_TID bound to: 32 - type: integer 
	Parameter G_MASK_SS_TDEST bound to: 64 - type: integer 
	Parameter G_MASK_SS_TUSER bound to: 128 - type: integer 
	Parameter G_TASK_SEVERITY_ERR bound to: 2 - type: integer 
	Parameter G_TASK_SEVERITY_WARNING bound to: 1 - type: integer 
	Parameter G_TASK_SEVERITY_INFO bound to: 0 - type: integer 
	Parameter P_TPAYLOAD_WIDTH bound to: 69 - type: integer 
INFO: [Synth 8-6157] synthesizing module 'axis_infrastructure_v1_1_0_util_axis2vector__parameterized0' [c:/Users/Caio/Dropbox/Vfilter_2/project_1_filter/project_1_filter.srcs/sources_1/bd/design_1/ipshared/0ab1/hdl/axis_infrastructure_v1_1_vl_rfs.v:810]
	Parameter C_TDATA_WIDTH bound to: 32 - type: integer 
	Parameter C_TID_WIDTH bound to: 2 - type: integer 
	Parameter C_TDEST_WIDTH bound to: 6 - type: integer 
	Parameter C_TUSER_WIDTH bound to: 20 - type: integer 
	Parameter C_TPAYLOAD_WIDTH bound to: 69 - type: integer 
	Parameter C_SIGNAL_SET bound to: 32'b00000000000000000000000011111111 
	Parameter G_INDX_SS_TREADY bound to: 0 - type: integer 
	Parameter G_INDX_SS_TDATA bound to: 1 - type: integer 
	Parameter G_INDX_SS_TSTRB bound to: 2 - type: integer 
	Parameter G_INDX_SS_TKEEP bound to: 3 - type: integer 
	Parameter G_INDX_SS_TLAST bound to: 4 - type: integer 
	Parameter G_INDX_SS_TID bound to: 5 - type: integer 
	Parameter G_INDX_SS_TDEST bound to: 6 - type: integer 
	Parameter G_INDX_SS_TUSER bound to: 7 - type: integer 
	Parameter G_MASK_SS_TREADY bound to: 1 - type: integer 
	Parameter G_MASK_SS_TDATA bound to: 2 - type: integer 
	Parameter G_MASK_SS_TSTRB bound to: 4 - type: integer 
	Parameter G_MASK_SS_TKEEP bound to: 8 - type: integer 
	Parameter G_MASK_SS_TLAST bound to: 16 - type: integer 
	Parameter G_MASK_SS_TID bound to: 32 - type: integer 
	Parameter G_MASK_SS_TDEST bound to: 64 - type: integer 
	Parameter G_MASK_SS_TUSER bound to: 128 - type: integer 
	Parameter G_TASK_SEVERITY_ERR bound to: 2 - type: integer 
	Parameter G_TASK_SEVERITY_WARNING bound to: 1 - type: integer 
	Parameter G_TASK_SEVERITY_INFO bound to: 0 - type: integer 
	Parameter P_TDATA_INDX bound to: 0 - type: integer 
	Parameter P_TSTRB_INDX bound to: 32 - type: integer 
	Parameter P_TKEEP_INDX bound to: 36 - type: integer 
	Parameter P_TLAST_INDX bound to: 40 - type: integer 
	Parameter P_TID_INDX bound to: 41 - type: integer 
	Parameter P_TDEST_INDX bound to: 43 - type: integer 
	Parameter P_TUSER_INDX bound to: 49 - type: integer 
INFO: [Synth 8-6155] done synthesizing module 'axis_infrastructure_v1_1_0_util_axis2vector__parameterized0' (5#1) [c:/Users/Caio/Dropbox/Vfilter_2/project_1_filter/project_1_filter.srcs/sources_1/bd/design_1/ipshared/0ab1/hdl/axis_infrastructure_v1_1_vl_rfs.v:810]
INFO: [Synth 8-6157] synthesizing module 'axis_register_slice_v1_1_16_axisc_register_slice__parameterized0' [c:/Users/Caio/Dropbox/Vfilter_2/project_1_filter/project_1_filter.srcs/sources_1/bd/design_1/ipshared/000e/hdl/axis_register_slice_v1_1_vl_rfs.v:1443]
	Parameter C_FAMILY bound to: artix7 - type: string 
	Parameter C_DATA_WIDTH bound to: 69 - type: integer 
	Parameter C_REG_CONFIG bound to: 0 - type: integer 
	Parameter C_NUM_SLR_CROSSINGS bound to: 0 - type: integer 
	Parameter C_PIPELINES_MASTER bound to: 0 - type: integer 
	Parameter C_PIPELINES_SLAVE bound to: 0 - type: integer 
	Parameter C_PIPELINES_MIDDLE bound to: 0 - type: integer 
INFO: [Synth 8-6155] done synthesizing module 'axis_register_slice_v1_1_16_axisc_register_slice__parameterized0' (5#1) [c:/Users/Caio/Dropbox/Vfilter_2/project_1_filter/project_1_filter.srcs/sources_1/bd/design_1/ipshared/000e/hdl/axis_register_slice_v1_1_vl_rfs.v:1443]
INFO: [Synth 8-6157] synthesizing module 'axis_infrastructure_v1_1_0_util_vector2axis__parameterized0' [c:/Users/Caio/Dropbox/Vfilter_2/project_1_filter/project_1_filter.srcs/sources_1/bd/design_1/ipshared/0ab1/hdl/axis_infrastructure_v1_1_vl_rfs.v:992]
	Parameter C_TDATA_WIDTH bound to: 32 - type: integer 
	Parameter C_TID_WIDTH bound to: 2 - type: integer 
	Parameter C_TDEST_WIDTH bound to: 6 - type: integer 
	Parameter C_TUSER_WIDTH bound to: 20 - type: integer 
	Parameter C_TPAYLOAD_WIDTH bound to: 69 - type: integer 
	Parameter C_SIGNAL_SET bound to: 32'b00000000000000000000000011111111 
	Parameter G_INDX_SS_TREADY bound to: 0 - type: integer 
	Parameter G_INDX_SS_TDATA bound to: 1 - type: integer 
	Parameter G_INDX_SS_TSTRB bound to: 2 - type: integer 
	Parameter G_INDX_SS_TKEEP bound to: 3 - type: integer 
	Parameter G_INDX_SS_TLAST bound to: 4 - type: integer 
	Parameter G_INDX_SS_TID bound to: 5 - type: integer 
	Parameter G_INDX_SS_TDEST bound to: 6 - type: integer 
	Parameter G_INDX_SS_TUSER bound to: 7 - type: integer 
	Parameter G_MASK_SS_TREADY bound to: 1 - type: integer 
	Parameter G_MASK_SS_TDATA bound to: 2 - type: integer 
	Parameter G_MASK_SS_TSTRB bound to: 4 - type: integer 
	Parameter G_MASK_SS_TKEEP bound to: 8 - type: integer 
	Parameter G_MASK_SS_TLAST bound to: 16 - type: integer 
	Parameter G_MASK_SS_TID bound to: 32 - type: integer 
	Parameter G_MASK_SS_TDEST bound to: 64 - type: integer 
	Parameter G_MASK_SS_TUSER bound to: 128 - type: integer 
	Parameter G_TASK_SEVERITY_ERR bound to: 2 - type: integer 
	Parameter G_TASK_SEVERITY_WARNING bound to: 1 - type: integer 
	Parameter G_TASK_SEVERITY_INFO bound to: 0 - type: integer 
	Parameter P_TDATA_INDX bound to: 0 - type: integer 
	Parameter P_TSTRB_INDX bound to: 32 - type: integer 
	Parameter P_TKEEP_INDX bound to: 36 - type: integer 
	Parameter P_TLAST_INDX bound to: 40 - type: integer 
	Parameter P_TID_INDX bound to: 41 - type: integer 
	Parameter P_TDEST_INDX bound to: 43 - type: integer 
	Parameter P_TUSER_INDX bound to: 49 - type: integer 
INFO: [Synth 8-6155] done synthesizing module 'axis_infrastructure_v1_1_0_util_vector2axis__parameterized0' (5#1) [c:/Users/Caio/Dropbox/Vfilter_2/project_1_filter/project_1_filter.srcs/sources_1/bd/design_1/ipshared/0ab1/hdl/axis_infrastructure_v1_1_vl_rfs.v:992]
INFO: [Synth 8-6155] done synthesizing module 'axis_register_slice_v1_1_16_axis_register_slice__parameterized0' (5#1) [c:/Users/Caio/Dropbox/Vfilter_2/project_1_filter/project_1_filter.srcs/sources_1/bd/design_1/ipshared/000e/hdl/axis_register_slice_v1_1_vl_rfs.v:2254]
INFO: [Synth 8-6155] done synthesizing module 'axis_dwidth_converter_v1_1_15_axis_dwidth_converter' (6#1) [c:/Users/Caio/Dropbox/Vfilter_2/project_1_filter/project_1_filter.srcs/sources_1/bd/design_1/ipshared/052c/hdl/axis_dwidth_converter_v1_1_vl_rfs.v:810]
INFO: [Synth 8-6155] done synthesizing module 'design_1_auto_us_1' (7#1) [c:/Users/Caio/Dropbox/Vfilter_2/project_1_filter/project_1_filter.srcs/sources_1/bd/design_1/ip/design_1_auto_us_1/synth/design_1_auto_us_1.v:57]
WARNING: [Synth 8-3331] design axis_register_slice_v1_1_16_axisc_register_slice__parameterized0 has unconnected port ACLK
WARNING: [Synth 8-3331] design axis_register_slice_v1_1_16_axisc_register_slice__parameterized0 has unconnected port ACLK2X
WARNING: [Synth 8-3331] design axis_register_slice_v1_1_16_axisc_register_slice__parameterized0 has unconnected port ARESET
WARNING: [Synth 8-3331] design axis_register_slice_v1_1_16_axisc_register_slice__parameterized0 has unconnected port ACLKEN
WARNING: [Synth 8-3331] design axis_register_slice_v1_1_16_axisc_register_slice has unconnected port ACLK
WARNING: [Synth 8-3331] design axis_register_slice_v1_1_16_axisc_register_slice has unconnected port ACLK2X
WARNING: [Synth 8-3331] design axis_register_slice_v1_1_16_axisc_register_slice has unconnected port ARESET
WARNING: [Synth 8-3331] design axis_register_slice_v1_1_16_axisc_register_slice has unconnected port ACLKEN
---------------------------------------------------------------------------------
Finished RTL Elaboration : Time (s): cpu = 00:00:11 ; elapsed = 00:00:20 . Memory (MB): peak = 454.730 ; gain = 151.215
---------------------------------------------------------------------------------

Report Check Netlist: 
+------+------------------+-------+---------+-------+------------------+
|      |Item              |Errors |Warnings |Status |Description       |
+------+------------------+-------+---------+-------+------------------+
|1     |multi_driven_nets |      0|        0|Passed |Multi driven nets |
+------+------------------+-------+---------+-------+------------------+
---------------------------------------------------------------------------------
Start Handling Custom Attributes
---------------------------------------------------------------------------------
---------------------------------------------------------------------------------
Finished Handling Custom Attributes : Time (s): cpu = 00:00:11 ; elapsed = 00:00:20 . Memory (MB): peak = 454.730 ; gain = 151.215
---------------------------------------------------------------------------------
---------------------------------------------------------------------------------
Finished RTL Optimization Phase 1 : Time (s): cpu = 00:00:11 ; elapsed = 00:00:20 . Memory (MB): peak = 454.730 ; gain = 151.215
---------------------------------------------------------------------------------
INFO: [Device 21-403] Loading part xc7a100tcsg324-1
INFO: [Project 1-570] Preparing netlist for logic optimization

Processing XDC Constraints
Initializing timing engine
Parsing XDC File [c:/Users/Caio/Dropbox/Vfilter_2/project_1_filter/project_1_filter.srcs/sources_1/bd/design_1/ip/design_1_auto_us_1/design_1_auto_us_1_ooc.xdc] for cell 'inst'
Finished Parsing XDC File [c:/Users/Caio/Dropbox/Vfilter_2/project_1_filter/project_1_filter.srcs/sources_1/bd/design_1/ip/design_1_auto_us_1/design_1_auto_us_1_ooc.xdc] for cell 'inst'
Parsing XDC File [C:/Users/Caio/Dropbox/Vfilter_2/project_1_filter/project_1_filter.runs/design_1_auto_us_1_synth_1/dont_touch.xdc]
Finished Parsing XDC File [C:/Users/Caio/Dropbox/Vfilter_2/project_1_filter/project_1_filter.runs/design_1_auto_us_1_synth_1/dont_touch.xdc]
Completed Processing XDC Constraints

INFO: [Project 1-111] Unisim Transformation Summary:
No Unisim elements were transformed.

Constraint Validation Runtime : Time (s): cpu = 00:00:00 ; elapsed = 00:00:00.181 . Memory (MB): peak = 797.008 ; gain = 1.625
---------------------------------------------------------------------------------
Finished Constraint Validation : Time (s): cpu = 00:00:31 ; elapsed = 00:00:50 . Memory (MB): peak = 797.008 ; gain = 493.492
---------------------------------------------------------------------------------
---------------------------------------------------------------------------------
Start Loading Part and Timing Information
---------------------------------------------------------------------------------
Loading part: xc7a100tcsg324-1
---------------------------------------------------------------------------------
Finished Loading Part and Timing Information : Time (s): cpu = 00:00:31 ; elapsed = 00:00:50 . Memory (MB): peak = 797.008 ; gain = 493.492
---------------------------------------------------------------------------------
---------------------------------------------------------------------------------
Start Applying 'set_property' XDC Constraints
---------------------------------------------------------------------------------
Applied set_property DONT_TOUCH = true for inst. (constraint file  C:/Users/Caio/Dropbox/Vfilter_2/project_1_filter/project_1_filter.runs/design_1_auto_us_1_synth_1/dont_touch.xdc, line 9).
---------------------------------------------------------------------------------
Finished applying 'set_property' XDC Constraints : Time (s): cpu = 00:00:31 ; elapsed = 00:00:50 . Memory (MB): peak = 797.008 ; gain = 493.492
---------------------------------------------------------------------------------
INFO: [Synth 8-4490] FSM extraction disabled for register 'state_reg' through user attribute
INFO: [Synth 8-5544] ROM "r0_reg_sel0" won't be mapped to Block RAM because address size (3) smaller than threshold (5)
INFO: [Synth 8-5544] ROM "r0_reg_sel0" won't be mapped to Block RAM because address size (3) smaller than threshold (5)
---------------------------------------------------------------------------------
Finished RTL Optimization Phase 2 : Time (s): cpu = 00:00:31 ; elapsed = 00:00:51 . Memory (MB): peak = 797.008 ; gain = 493.492
---------------------------------------------------------------------------------

Report RTL Partitions: 
+-+--------------+------------+----------+
| |RTL Partition |Replication |Instances |
+-+--------------+------------+----------+
+-+--------------+------------+----------+
---------------------------------------------------------------------------------
Start RTL Component Statistics 
---------------------------------------------------------------------------------
Detailed RTL Component Info : 
+---Registers : 
	                8 Bit    Registers := 5     
	                6 Bit    Registers := 2     
	                5 Bit    Registers := 5     
	                4 Bit    Registers := 1     
	                3 Bit    Registers := 1     
	                2 Bit    Registers := 2     
	                1 Bit    Registers := 15    
+---Muxes : 
	   2 Input      4 Bit        Muxes := 3     
	   2 Input      3 Bit        Muxes := 5     
	   3 Input      3 Bit        Muxes := 1     
	   4 Input      3 Bit        Muxes := 1     
	   2 Input      2 Bit        Muxes := 2     
	   3 Input      1 Bit        Muxes := 1     
	   2 Input      1 Bit        Muxes := 1     
---------------------------------------------------------------------------------
Finished RTL Component Statistics 
---------------------------------------------------------------------------------
---------------------------------------------------------------------------------
Start RTL Hierarchical Component Statistics 
---------------------------------------------------------------------------------
Hierarchical RTL Component report 
Module axis_dwidth_converter_v1_1_15_axisc_upsizer 
Detailed RTL Component Info : 
+---Registers : 
	                8 Bit    Registers := 5     
	                6 Bit    Registers := 2     
	                5 Bit    Registers := 5     
	                4 Bit    Registers := 1     
	                3 Bit    Registers := 1     
	                2 Bit    Registers := 2     
	                1 Bit    Registers := 12    
+---Muxes : 
	   2 Input      4 Bit        Muxes := 3     
	   2 Input      3 Bit        Muxes := 5     
	   3 Input      3 Bit        Muxes := 1     
	   4 Input      3 Bit        Muxes := 1     
	   2 Input      2 Bit        Muxes := 2     
	   3 Input      1 Bit        Muxes := 1     
	   2 Input      1 Bit        Muxes := 1     
Module axis_register_slice_v1_1_16_axis_register_slice 
Detailed RTL Component Info : 
+---Registers : 
	                1 Bit    Registers := 1     
Module axis_register_slice_v1_1_16_axis_register_slice__parameterized0 
Detailed RTL Component Info : 
+---Registers : 
	                1 Bit    Registers := 1     
Module axis_dwidth_converter_v1_1_15_axis_dwidth_converter 
Detailed RTL Component Info : 
+---Registers : 
	                1 Bit    Registers := 1     
---------------------------------------------------------------------------------
Finished RTL Hierarchical Component Statistics
---------------------------------------------------------------------------------
---------------------------------------------------------------------------------
Start Part Resource Summary
---------------------------------------------------------------------------------
Part Resources:
DSPs: 240 (col length:80)
BRAMs: 270 (col length: RAMB18 80 RAMB36 40)
---------------------------------------------------------------------------------
Finished Part Resource Summary
---------------------------------------------------------------------------------
---------------------------------------------------------------------------------
Start Cross Boundary and Area Optimization
---------------------------------------------------------------------------------
Warning: Parallel synthesis criteria is not met 
WARNING: [Synth 8-6014] Unused sequential element axis_register_slice_0/areset_r_reg was removed.  [c:/Users/Caio/Dropbox/Vfilter_2/project_1_filter/project_1_filter.srcs/sources_1/bd/design_1/ipshared/000e/hdl/axis_register_slice_v1_1_vl_rfs.v:2346]
WARNING: [Synth 8-6014] Unused sequential element axis_register_slice_1/areset_r_reg was removed.  [c:/Users/Caio/Dropbox/Vfilter_2/project_1_filter/project_1_filter.srcs/sources_1/bd/design_1/ipshared/000e/hdl/axis_register_slice_v1_1_vl_rfs.v:2346]
---------------------------------------------------------------------------------
Finished Cross Boundary and Area Optimization : Time (s): cpu = 00:00:32 ; elapsed = 00:00:53 . Memory (MB): peak = 797.008 ; gain = 493.492
---------------------------------------------------------------------------------

Report RTL Partitions: 
+-+--------------+------------+----------+
| |RTL Partition |Replication |Instances |
+-+--------------+------------+----------+
+-+--------------+------------+----------+
---------------------------------------------------------------------------------
Start Applying XDC Timing Constraints
---------------------------------------------------------------------------------
---------------------------------------------------------------------------------
Finished Applying XDC Timing Constraints : Time (s): cpu = 00:00:48 ; elapsed = 00:01:17 . Memory (MB): peak = 797.008 ; gain = 493.492
---------------------------------------------------------------------------------
---------------------------------------------------------------------------------
Start Timing Optimization
---------------------------------------------------------------------------------
---------------------------------------------------------------------------------
Finished Timing Optimization : Time (s): cpu = 00:00:48 ; elapsed = 00:01:18 . Memory (MB): peak = 813.820 ; gain = 510.305
---------------------------------------------------------------------------------

Report RTL Partitions: 
+-+--------------+------------+----------+
| |RTL Partition |Replication |Instances |
+-+--------------+------------+----------+
+-+--------------+------------+----------+
---------------------------------------------------------------------------------
Start Technology Mapping
---------------------------------------------------------------------------------
---------------------------------------------------------------------------------
Finished Technology Mapping : Time (s): cpu = 00:00:48 ; elapsed = 00:01:18 . Memory (MB): peak = 814.969 ; gain = 511.453
---------------------------------------------------------------------------------

Report RTL Partitions: 
+-+--------------+------------+----------+
| |RTL Partition |Replication |Instances |
+-+--------------+------------+----------+
+-+--------------+------------+----------+
---------------------------------------------------------------------------------
Start IO Insertion
---------------------------------------------------------------------------------
---------------------------------------------------------------------------------
Start Flattening Before IO Insertion
---------------------------------------------------------------------------------
---------------------------------------------------------------------------------
Finished Flattening Before IO Insertion
---------------------------------------------------------------------------------
---------------------------------------------------------------------------------
Start Final Netlist Cleanup
---------------------------------------------------------------------------------
---------------------------------------------------------------------------------
Finished Final Netlist Cleanup
---------------------------------------------------------------------------------
---------------------------------------------------------------------------------
Finished IO Insertion : Time (s): cpu = 00:00:49 ; elapsed = 00:01:19 . Memory (MB): peak = 814.969 ; gain = 511.453
---------------------------------------------------------------------------------

Report Check Netlist: 
+------+------------------+-------+---------+-------+------------------+
|      |Item              |Errors |Warnings |Status |Description       |
+------+------------------+-------+---------+-------+------------------+
|1     |multi_driven_nets |      0|        0|Passed |Multi driven nets |
+------+------------------+-------+---------+-------+------------------+
---------------------------------------------------------------------------------
Start Renaming Generated Instances
---------------------------------------------------------------------------------
---------------------------------------------------------------------------------
Finished Renaming Generated Instances : Time (s): cpu = 00:00:49 ; elapsed = 00:01:19 . Memory (MB): peak = 814.969 ; gain = 511.453
---------------------------------------------------------------------------------

Report RTL Partitions: 
+-+--------------+------------+----------+
| |RTL Partition |Replication |Instances |
+-+--------------+------------+----------+
+-+--------------+------------+----------+
---------------------------------------------------------------------------------
Start Rebuilding User Hierarchy
---------------------------------------------------------------------------------
---------------------------------------------------------------------------------
Finished Rebuilding User Hierarchy : Time (s): cpu = 00:00:49 ; elapsed = 00:01:19 . Memory (MB): peak = 814.969 ; gain = 511.453
---------------------------------------------------------------------------------
---------------------------------------------------------------------------------
Start Renaming Generated Ports
---------------------------------------------------------------------------------
---------------------------------------------------------------------------------
Finished Renaming Generated Ports : Time (s): cpu = 00:00:49 ; elapsed = 00:01:19 . Memory (MB): peak = 814.969 ; gain = 511.453
---------------------------------------------------------------------------------
---------------------------------------------------------------------------------
Start Handling Custom Attributes
---------------------------------------------------------------------------------
---------------------------------------------------------------------------------
Finished Handling Custom Attributes : Time (s): cpu = 00:00:49 ; elapsed = 00:01:19 . Memory (MB): peak = 814.969 ; gain = 511.453
---------------------------------------------------------------------------------
---------------------------------------------------------------------------------
Start Renaming Generated Nets
---------------------------------------------------------------------------------
---------------------------------------------------------------------------------
Finished Renaming Generated Nets : Time (s): cpu = 00:00:49 ; elapsed = 00:01:19 . Memory (MB): peak = 814.969 ; gain = 511.453
---------------------------------------------------------------------------------
---------------------------------------------------------------------------------
Start Writing Synthesis Report
---------------------------------------------------------------------------------

Report BlackBoxes: 
+-+--------------+----------+
| |BlackBox name |Instances |
+-+--------------+----------+
+-+--------------+----------+

Report Cell Usage: 
+------+-----+------+
|      |Cell |Count |
+------+-----+------+
|1     |LUT1 |     1|
|2     |LUT2 |     2|
|3     |LUT3 |     3|
|4     |LUT4 |     9|
|5     |LUT5 |    15|
|6     |LUT6 |    10|
|7     |FDRE |   101|
+------+-----+------+

Report Instance Areas: 
+------+---------------------------------------------+----------------------------------------------------+------+
|      |Instance                                     |Module                                              |Cells |
+------+---------------------------------------------+----------------------------------------------------+------+
|1     |top                                          |                                                    |   141|
|2     |  inst                                       |axis_dwidth_converter_v1_1_15_axis_dwidth_converter |   141|
|3     |    \gen_upsizer_conversion.axisc_upsizer_0  |axis_dwidth_converter_v1_1_15_axisc_upsizer         |   139|
+------+---------------------------------------------+----------------------------------------------------+------+
---------------------------------------------------------------------------------
Finished Writing Synthesis Report : Time (s): cpu = 00:00:49 ; elapsed = 00:01:19 . Memory (MB): peak = 814.969 ; gain = 511.453
---------------------------------------------------------------------------------
Synthesis finished with 0 errors, 0 critical warnings and 2 warnings.
Synthesis Optimization Runtime : Time (s): cpu = 00:00:27 ; elapsed = 00:00:59 . Memory (MB): peak = 814.969 ; gain = 169.176
Synthesis Optimization Complete : Time (s): cpu = 00:00:49 ; elapsed = 00:01:19 . Memory (MB): peak = 814.969 ; gain = 511.453
INFO: [Project 1-571] Translating synthesized netlist
INFO: [Project 1-570] Preparing netlist for logic optimization
INFO: [Opt 31-138] Pushed 0 inverter(s) to 0 load pin(s).
INFO: [Project 1-111] Unisim Transformation Summary:
No Unisim elements were transformed.

INFO: [Common 17-83] Releasing license: Synthesis
35 Infos, 10 Warnings, 0 Critical Warnings and 0 Errors encountered.
synth_design completed successfully
synth_design: Time (s): cpu = 00:00:52 ; elapsed = 00:01:23 . Memory (MB): peak = 816.590 ; gain = 524.727
INFO: [Common 17-1381] The checkpoint 'C:/Users/Caio/Dropbox/Vfilter_2/project_1_filter/project_1_filter.runs/design_1_auto_us_1_synth_1/design_1_auto_us_1.dcp' has been generated.
