13:26:58 INFO  : Registering command handlers for SDK TCF services
13:26:58 INFO  : Launching XSCT server: xsct.bat -interactive C:\Users\Caio\Desktop\marker_zybo\marker_zybo\temp_xsdb_launch_script.tcl
13:27:00 INFO  : XSCT server has started successfully.
13:27:01 INFO  : Successfully done setting XSCT server connection channel  
13:27:01 INFO  : Successfully done setting SDK workspace  
13:30:28 INFO  : Project 'design_1_wrapper_hw_platform_0' created. You can now create BSPs and application projects targeting this hardware platform.
13:33:30 ERROR : Failed to call write_mss 
Reason: ERROR: [Common 17-1586] The Filename 'C:/Users/Caio/Desktop/marker_zybo/marker_zybo/makemarker_bsp/system.mss' contains strings that are not allowed by the Windows operating system.

13:36:02 INFO  : Launching XSCT server: xsct.bat -interactive C:\Users\Caio\Desktop\marker_zybo\marker_zybo\temp_xsdb_launch_script.tcl
13:36:04 INFO  : XSCT server has started successfully.
13:36:04 INFO  : Successfully done setting XSCT server connection channel  
13:36:04 INFO  : Successfully done setting SDK workspace  
13:36:07 INFO  : Registering command handlers for SDK TCF services
13:36:31 INFO  : Project 'design_1_wrapper_hw_platform_1' created. You can now create BSPs and application projects targeting this hardware platform.
14:00:36 INFO  : Connected to target on host '127.0.0.1' and port '3121'.
14:00:38 INFO  : 'targets -set -filter {jtag_cable_name =~ "Digilent Nexys4DDR 210292745007A" && level==0} -index 0' command is executed.
14:00:39 ERROR : could not find configuration request.
14:00:58 INFO  : Connected to target on host '127.0.0.1' and port '3121'.
14:00:58 INFO  : 'targets -set -filter {jtag_cable_name =~ "Digilent Nexys4DDR 210292745007A" && level==0} -index 0' command is executed.
14:01:00 ERROR : could not find configuration request.
14:02:25 INFO  : Connected to target on host '127.0.0.1' and port '3121'.
14:02:59 INFO  : Connected to target on host '127.0.0.1' and port '3121'.
14:03:02 INFO  : Connected to target on host '127.0.0.1' and port '3121'.
14:03:21 INFO  : Connected to target on host '127.0.0.1' and port '3121'.
14:03:21 INFO  : 'targets -set -filter {jtag_cable_name =~ "Digilent Nexys4DDR 210292745007A" && level==0} -index 0' command is executed.
14:03:23 INFO  : FPGA configured successfully with bitstream "C:/Users/Caio/Desktop/marker_zybo/marker_zybo/design_1_wrapper_hw_platform_1/download.bit"
14:04:51 INFO  : 'targets -set -filter {jtag_cable_name =~ "Digilent Nexys4DDR 210292745007A" && level==0} -index 0' command is executed.
14:04:51 INFO  : 'fpga -state' command is executed.
14:04:51 INFO  : Connected to target on host '127.0.0.1' and port '3121'.
14:04:52 INFO  : Jtag cable 'Digilent Nexys4DDR 210292745007A' is selected.
14:04:52 INFO  : 'jtag frequency' command is executed.
14:04:52 INFO  : 'configparams mdm-detect-bscan-mask 2' command is executed.
14:04:52 INFO  : Context for processor 'microblaze_0' is selected.
14:04:52 ERROR : Cannot stop MicroBlaze. MicroBlaze is held in reset
14:04:52 INFO  : ----------------XSDB Script----------------
connect -url tcp:127.0.0.1:3121
configparams mdm-detect-bscan-mask 2
targets -set -nocase -filter {name =~ "microblaze*#0" && bscan=="USER2"  && jtag_cable_name =~ "Digilent Nexys4DDR 210292745007A"} -index 0
rst -processor
----------------End of Script----------------

14:05:01 INFO  : 'targets -set -filter {jtag_cable_name =~ "Digilent Nexys4DDR 210292745007A" && level==0} -index 0' command is executed.
14:05:01 INFO  : 'fpga -state' command is executed.
14:05:01 INFO  : Connected to target on host '127.0.0.1' and port '3121'.
14:05:02 INFO  : Jtag cable 'Digilent Nexys4DDR 210292745007A' is selected.
14:05:02 INFO  : 'jtag frequency' command is executed.
14:05:02 INFO  : 'configparams mdm-detect-bscan-mask 2' command is executed.
14:05:02 INFO  : Context for processor 'microblaze_0' is selected.
14:05:02 ERROR : Cannot stop MicroBlaze. MicroBlaze is held in reset
14:05:02 INFO  : ----------------XSDB Script----------------
connect -url tcp:127.0.0.1:3121
configparams mdm-detect-bscan-mask 2
targets -set -nocase -filter {name =~ "microblaze*#0" && bscan=="USER2"  && jtag_cable_name =~ "Digilent Nexys4DDR 210292745007A"} -index 0
rst -processor
----------------End of Script----------------

14:05:49 INFO  : 'targets -set -filter {jtag_cable_name =~ "Digilent Nexys4DDR 210292745007A" && level==0} -index 0' command is executed.
14:05:49 INFO  : 'fpga -state' command is executed.
14:05:49 INFO  : Connected to target on host '127.0.0.1' and port '3121'.
14:05:49 INFO  : Jtag cable 'Digilent Nexys4DDR 210292745007A' is selected.
14:05:49 INFO  : 'jtag frequency' command is executed.
14:05:49 INFO  : 'configparams mdm-detect-bscan-mask 2' command is executed.
14:05:49 INFO  : Context for processor 'microblaze_0' is selected.
14:05:49 ERROR : Cannot stop MicroBlaze. MicroBlaze is held in reset
14:05:49 INFO  : ----------------XSDB Script----------------
connect -url tcp:127.0.0.1:3121
configparams mdm-detect-bscan-mask 2
targets -set -nocase -filter {name =~ "microblaze*#0" && bscan=="USER2"  && jtag_cable_name =~ "Digilent Nexys4DDR 210292745007A"} -index 0
rst -processor
----------------End of Script----------------

14:06:06 INFO  : 'targets -set -filter {jtag_cable_name =~ "Digilent Nexys4DDR 210292745007A" && level==0} -index 0' command is executed.
14:06:06 INFO  : 'fpga -state' command is executed.
14:06:06 INFO  : Connected to target on host '127.0.0.1' and port '3121'.
14:06:06 INFO  : Jtag cable 'Digilent Nexys4DDR 210292745007A' is selected.
14:06:06 INFO  : 'jtag frequency' command is executed.
14:06:06 INFO  : 'configparams mdm-detect-bscan-mask 2' command is executed.
14:06:06 INFO  : Context for processor 'microblaze_0' is selected.
14:06:06 ERROR : Cannot stop MicroBlaze. MicroBlaze is held in reset
14:06:06 INFO  : ----------------XSDB Script----------------
connect -url tcp:127.0.0.1:3121
configparams mdm-detect-bscan-mask 2
targets -set -nocase -filter {name =~ "microblaze*#0" && bscan=="USER2"  && jtag_cable_name =~ "Digilent Nexys4DDR 210292745007A"} -index 0
rst -processor
----------------End of Script----------------

14:06:26 INFO  : Connected to target on host '127.0.0.1' and port '3121'.
14:06:27 INFO  : 'targets -set -filter {jtag_cable_name =~ "Digilent Nexys4DDR 210292745007A" && level==0} -index 0' command is executed.
14:06:29 INFO  : FPGA configured successfully with bitstream "C:/Users/Caio/Desktop/marker_zybo/marker_zybo/design_1_wrapper_hw_platform_1/download.bit"
14:06:36 INFO  : 'targets -set -filter {jtag_cable_name =~ "Digilent Nexys4DDR 210292745007A" && level==0} -index 0' command is executed.
14:06:36 INFO  : 'fpga -state' command is executed.
14:06:36 INFO  : Connected to target on host '127.0.0.1' and port '3121'.
14:06:36 INFO  : Jtag cable 'Digilent Nexys4DDR 210292745007A' is selected.
14:06:36 INFO  : 'jtag frequency' command is executed.
14:06:36 INFO  : 'configparams mdm-detect-bscan-mask 2' command is executed.
14:06:36 INFO  : Context for processor 'microblaze_0' is selected.
14:06:36 ERROR : Cannot stop MicroBlaze. MicroBlaze is held in reset
14:06:36 INFO  : ----------------XSDB Script----------------
connect -url tcp:127.0.0.1:3121
configparams mdm-detect-bscan-mask 2
targets -set -nocase -filter {name =~ "microblaze*#0" && bscan=="USER2"  && jtag_cable_name =~ "Digilent Nexys4DDR 210292745007A"} -index 0
rst -processor
----------------End of Script----------------

14:06:43 INFO  : 'targets -set -filter {jtag_cable_name =~ "Digilent Nexys4DDR 210292745007A" && level==0} -index 0' command is executed.
14:06:43 INFO  : 'fpga -state' command is executed.
14:06:43 INFO  : Connected to target on host '127.0.0.1' and port '3121'.
14:06:44 INFO  : Jtag cable 'Digilent Nexys4DDR 210292745007A' is selected.
14:06:44 INFO  : 'jtag frequency' command is executed.
14:06:44 INFO  : 'configparams mdm-detect-bscan-mask 2' command is executed.
14:06:44 INFO  : Context for processor 'microblaze_0' is selected.
14:06:44 ERROR : Cannot stop MicroBlaze. MicroBlaze is held in reset
14:06:44 INFO  : ----------------XSDB Script----------------
connect -url tcp:127.0.0.1:3121
configparams mdm-detect-bscan-mask 2
targets -set -nocase -filter {name =~ "microblaze*#0" && bscan=="USER2"  && jtag_cable_name =~ "Digilent Nexys4DDR 210292745007A"} -index 0
rst -processor
----------------End of Script----------------

14:06:50 INFO  : 'targets -set -filter {jtag_cable_name =~ "Digilent Nexys4DDR 210292745007A" && level==0} -index 0' command is executed.
14:06:50 INFO  : 'fpga -state' command is executed.
14:06:50 INFO  : Connected to target on host '127.0.0.1' and port '3121'.
14:06:50 INFO  : Jtag cable 'Digilent Nexys4DDR 210292745007A' is selected.
14:06:50 INFO  : 'jtag frequency' command is executed.
14:06:50 INFO  : 'configparams mdm-detect-bscan-mask 2' command is executed.
14:06:50 INFO  : Context for processor 'microblaze_0' is selected.
14:06:50 ERROR : Cannot stop MicroBlaze. MicroBlaze is held in reset
14:06:50 INFO  : ----------------XSDB Script----------------
connect -url tcp:127.0.0.1:3121
configparams mdm-detect-bscan-mask 2
targets -set -nocase -filter {name =~ "microblaze*#0" && bscan=="USER2"  && jtag_cable_name =~ "Digilent Nexys4DDR 210292745007A"} -index 0
rst -processor
----------------End of Script----------------

14:08:28 INFO  : Connected to target on host '127.0.0.1' and port '3121'.
14:08:28 INFO  : 'targets -set -filter {jtag_cable_name =~ "Digilent Nexys4DDR 210292745007A" && level==0} -index 0' command is executed.
14:08:30 INFO  : FPGA configured successfully with bitstream "C:/Users/Caio/Desktop/marker_zybo/marker_zybo/design_1_wrapper_hw_platform_1/download.bit"
14:08:41 INFO  : 'targets -set -filter {jtag_cable_name =~ "Digilent Nexys4DDR 210292745007A" && level==0} -index 0' command is executed.
14:08:41 INFO  : 'fpga -state' command is executed.
14:08:41 INFO  : Connected to target on host '127.0.0.1' and port '3121'.
14:08:41 INFO  : Jtag cable 'Digilent Nexys4DDR 210292745007A' is selected.
14:08:41 INFO  : 'jtag frequency' command is executed.
14:08:41 INFO  : 'configparams mdm-detect-bscan-mask 2' command is executed.
14:08:41 INFO  : Context for processor 'microblaze_0' is selected.
14:08:41 ERROR : Cannot stop MicroBlaze. MicroBlaze is held in reset
14:08:41 INFO  : ----------------XSDB Script----------------
connect -url tcp:127.0.0.1:3121
configparams mdm-detect-bscan-mask 2
targets -set -nocase -filter {name =~ "microblaze*#0" && bscan=="USER2"  && jtag_cable_name =~ "Digilent Nexys4DDR 210292745007A"} -index 0
rst -processor
----------------End of Script----------------

14:09:22 INFO  : 'targets -set -filter {jtag_cable_name =~ "Digilent Nexys4DDR 210292745007A" && level==0} -index 0' command is executed.
14:09:22 INFO  : 'fpga -state' command is executed.
14:09:22 INFO  : Connected to target on host '127.0.0.1' and port '3121'.
14:09:22 INFO  : Jtag cable 'Digilent Nexys4DDR 210292745007A' is selected.
14:09:22 INFO  : 'jtag frequency' command is executed.
14:09:22 INFO  : 'configparams mdm-detect-bscan-mask 2' command is executed.
14:09:22 INFO  : Context for processor 'microblaze_0' is selected.
14:09:22 ERROR : Cannot stop MicroBlaze. MicroBlaze is held in reset
14:09:22 INFO  : ----------------XSDB Script----------------
connect -url tcp:127.0.0.1:3121
configparams mdm-detect-bscan-mask 2
targets -set -nocase -filter {name =~ "microblaze*#0" && bscan=="USER2"  && jtag_cable_name =~ "Digilent Nexys4DDR 210292745007A"} -index 0
rst -processor
----------------End of Script----------------

14:10:54 INFO  : 'targets -set -filter {jtag_cable_name =~ "Digilent Nexys4DDR 210292745007A" && level==0} -index 0' command is executed.
14:10:54 INFO  : 'fpga -state' command is executed.
14:10:54 INFO  : Connected to target on host '127.0.0.1' and port '3121'.
14:10:54 INFO  : Jtag cable 'Digilent Nexys4DDR 210292745007A' is selected.
14:10:54 INFO  : 'jtag frequency' command is executed.
14:10:54 INFO  : 'configparams mdm-detect-bscan-mask 2' command is executed.
14:10:54 INFO  : Context for processor 'microblaze_0' is selected.
14:10:54 ERROR : Cannot stop MicroBlaze. MicroBlaze is held in reset
14:10:54 INFO  : ----------------XSDB Script----------------
connect -url tcp:127.0.0.1:3121
configparams mdm-detect-bscan-mask 2
targets -set -nocase -filter {name =~ "microblaze*#0" && bscan=="USER2"  && jtag_cable_name =~ "Digilent Nexys4DDR 210292745007A"} -index 0
rst -processor
----------------End of Script----------------

14:11:00 INFO  : 'targets -set -filter {jtag_cable_name =~ "Digilent Nexys4DDR 210292745007A" && level==0} -index 0' command is executed.
14:11:00 INFO  : 'fpga -state' command is executed.
14:11:00 INFO  : Connected to target on host '127.0.0.1' and port '3121'.
14:11:00 INFO  : Jtag cable 'Digilent Nexys4DDR 210292745007A' is selected.
14:11:00 INFO  : 'jtag frequency' command is executed.
14:11:00 INFO  : 'configparams mdm-detect-bscan-mask 2' command is executed.
14:11:00 INFO  : Context for processor 'microblaze_0' is selected.
14:11:00 ERROR : Cannot stop MicroBlaze. MicroBlaze is held in reset
14:11:00 INFO  : ----------------XSDB Script----------------
connect -url tcp:127.0.0.1:3121
configparams mdm-detect-bscan-mask 2
targets -set -nocase -filter {name =~ "microblaze*#0" && bscan=="USER2"  && jtag_cable_name =~ "Digilent Nexys4DDR 210292745007A"} -index 0
rst -processor
----------------End of Script----------------

14:11:09 INFO  : 'targets -set -filter {jtag_cable_name =~ "Digilent Nexys4DDR 210292745007A" && level==0} -index 0' command is executed.
14:11:09 INFO  : 'fpga -state' command is executed.
14:11:09 INFO  : Connected to target on host '127.0.0.1' and port '3121'.
14:11:09 INFO  : Jtag cable 'Digilent Nexys4DDR 210292745007A' is selected.
14:11:09 INFO  : 'jtag frequency' command is executed.
14:11:09 INFO  : 'configparams mdm-detect-bscan-mask 2' command is executed.
14:11:09 INFO  : Context for processor 'microblaze_0' is selected.
14:11:09 ERROR : Cannot stop MicroBlaze. MicroBlaze is held in reset
14:11:09 INFO  : ----------------XSDB Script----------------
connect -url tcp:127.0.0.1:3121
configparams mdm-detect-bscan-mask 2
targets -set -nocase -filter {name =~ "microblaze*#0" && bscan=="USER2"  && jtag_cable_name =~ "Digilent Nexys4DDR 210292745007A"} -index 0
rst -processor
----------------End of Script----------------

14:45:45 INFO  : SDK has detected change in the last modified timestamps for source hardware specification file Source:1530801413912,  Project:1530795746000
14:45:45 INFO  : Project design_1_wrapper_hw_platform_1's source hardware specification located at C:\Users\Caio\Dropbox\Vfilter_2\project_1_filter\project_1_filter.sdk\design_1_wrapper.hdf is now different from the local copy.
		 The local copy will be replaced with the source specification and your workspace will be updated.
14:45:56 INFO  : Copied contents of C:\Users\Caio\Dropbox\Vfilter_2\project_1_filter\project_1_filter.sdk\design_1_wrapper.hdf into \design_1_wrapper_hw_platform_1\system.hdf.
14:45:57 INFO  : Synchronizing projects in the workspace with the hardware platform specification changes.
14:46:02 INFO  : 
14:46:03 INFO  : Updating hardware inferred compiler options for makemarker2.
14:46:03 INFO  : Clearing existing target manager status.
14:46:03 INFO  : Closing and re-opening the MSS file of ther project makemarker2_bsp
14:46:03 INFO  : Workspace synchronized with the new hardware specification file. Cleaning dependent projects...
14:46:06 WARN  : Linker script will not be updated automatically. Users need to update it manually.
14:47:32 INFO  : SDK has detected change in the last modified timestamps for source hardware specification file Source:1530801413000,  Project:1530801413912
14:47:32 INFO  : Project design_1_wrapper_hw_platform_1's source hardware specification located at C:\Users\Caio\Dropbox\Vfilter_2\project_1_filter\project_1_filter.sdk\design_1_wrapper.hdf is now different from the local copy.
		 The local copy will be replaced with the source specification and your workspace will be updated.
14:51:26 INFO  : Copied contents of C:\Users\Caio\Dropbox\Vfilter_2\project_1_filter\project_1_filter.sdk\design_1_wrapper.hdf into \design_1_wrapper_hw_platform_1\system.hdf.
14:51:26 ERROR : Interrupted exception while waiting for the completion of command '::hsi::utils::closehw C:/Users/Caio/Desktop/marker_zybo/marker_zybo/design_1_wrapper_hw_platform_1/system.hdf'
14:51:26 ERROR : Failed to closehw "C:/Users/Caio/Desktop/marker_zybo/marker_zybo/design_1_wrapper_hw_platform_1/system.hdf"
java.lang.InterruptedException
	at java.lang.Object.wait(Native Method)
	at java.lang.Object.wait(Object.java:502)
	at com.xilinx.sdk.xsdb.XsdbCommandWaitHandler.waitForCompletion(XsdbCommandWaitHandler.java:51)
	at com.xilinx.sdk.xsdb.XSDBCommandManager.issueAndWait(XSDBCommandManager.java:401)
	at com.xilinx.sdk.xsdb.XsdbCommandUtils.executeAndRespond(XsdbCommandUtils.java:307)
	at com.xilinx.sdk.hw.internal.HwPlatform.dispose(HwPlatform.java:1315)
	at com.xilinx.sdk.hw.internal.HwSpecFactory.removeHwSpec(HwSpecFactory.java:70)
	at com.xilinx.sdk.hw.HwProjectUtil.unsetProjectHwSpec(HwProjectUtil.java:590)
	at com.xilinx.sdk.hw.HwProjectUtil.reloadHwSpecForProject(HwProjectUtil.java:296)
	at com.xilinx.sdk.hw.sync.HwSpecChangeUtil.performChange(HwSpecChangeUtil.java:111)
	at com.xilinx.sdk.hw.sync.HwPlatformMonitor.doMonitorTask(HwPlatformMonitor.java:78)
	at com.xilinx.sdk.hw.sync.HwPlatformMonitor.access$0(HwPlatformMonitor.java:41)
	at com.xilinx.sdk.hw.sync.HwPlatformMonitor$1.run(HwPlatformMonitor.java:33)
	at org.eclipse.swt.widgets.RunnableLock.run(RunnableLock.java:35)
	at org.eclipse.swt.widgets.Synchronizer.runAsyncMessages(Synchronizer.java:182)
	at org.eclipse.swt.widgets.Display.runAsyncMessages(Display.java:4203)
	at org.eclipse.swt.widgets.Display.readAndDispatch(Display.java:3819)
	at org.eclipse.e4.ui.internal.workbench.swt.PartRenderingEngine$4.run(PartRenderingEngine.java:1121)
	at org.eclipse.core.databinding.observable.Realm.runWithDefault(Realm.java:336)
	at org.eclipse.e4.ui.internal.workbench.swt.PartRenderingEngine.run(PartRenderingEngine.java:1022)
	at org.eclipse.e4.ui.internal.workbench.E4Workbench.createAndRunUI(E4Workbench.java:150)
	at org.eclipse.ui.internal.Workbench$5.run(Workbench.java:687)
	at org.eclipse.core.databinding.observable.Realm.runWithDefault(Realm.java:336)
	at org.eclipse.ui.internal.Workbench.createAndRunWorkbench(Workbench.java:604)
	at org.eclipse.ui.PlatformUI.createAndRunWorkbench(PlatformUI.java:148)
	at org.eclipse.ui.internal.ide.application.IDEApplication.start(IDEApplication.java:138)
	at org.eclipse.equinox.internal.app.EclipseAppHandle.run(EclipseAppHandle.java:196)
	at org.eclipse.core.runtime.internal.adaptor.EclipseAppLauncher.runApplication(EclipseAppLauncher.java:134)
	at org.eclipse.core.runtime.internal.adaptor.EclipseAppLauncher.start(EclipseAppLauncher.java:104)
	at org.eclipse.core.runtime.adaptor.EclipseStarter.run(EclipseStarter.java:388)
	at org.eclipse.core.runtime.adaptor.EclipseStarter.run(EclipseStarter.java:243)
	at sun.reflect.NativeMethodAccessorImpl.invoke0(Native Method)
	at sun.reflect.NativeMethodAccessorImpl.invoke(NativeMethodAccessorImpl.java:62)
	at sun.reflect.DelegatingMethodAccessorImpl.invoke(DelegatingMethodAccessorImpl.java:43)
	at java.lang.reflect.Method.invoke(Method.java:498)
	at org.eclipse.equinox.launcher.Main.invokeFramework(Main.java:673)
	at org.eclipse.equinox.launcher.Main.basicRun(Main.java:610)
	at org.eclipse.equinox.launcher.Main.run(Main.java:1519)
14:51:36 INFO  : 'targets -set -filter {jtag_cable_name =~ "Digilent Nexys4DDR 210292745007A" && level==0} -index 0' command is executed.
14:51:36 INFO  : 'fpga -state' command is executed.
14:51:36 INFO  : Connected to target on host '127.0.0.1' and port '3121'.
14:51:36 INFO  : Jtag cable 'Digilent Nexys4DDR 210292745007A' is selected.
14:51:36 INFO  : 'jtag frequency' command is executed.
14:51:36 INFO  : 'configparams mdm-detect-bscan-mask 2' command is executed.
14:51:36 INFO  : Context for processor 'microblaze_0' is selected.
14:51:36 ERROR : Cannot stop MicroBlaze. MicroBlaze is held in reset
14:51:36 INFO  : ----------------XSDB Script----------------
connect -url tcp:127.0.0.1:3121
configparams mdm-detect-bscan-mask 2
targets -set -nocase -filter {name =~ "microblaze*#0" && bscan=="USER2"  && jtag_cable_name =~ "Digilent Nexys4DDR 210292745007A"} -index 0
rst -processor
----------------End of Script----------------

14:51:59 INFO  : 'targets -set -filter {jtag_cable_name =~ "Digilent Nexys4DDR 210292745007A" && level==0} -index 0' command is executed.
14:51:59 INFO  : 'fpga -state' command is executed.
14:51:59 INFO  : Connected to target on host '127.0.0.1' and port '3121'.
14:52:00 INFO  : Jtag cable 'Digilent Nexys4DDR 210292745007A' is selected.
14:52:00 INFO  : 'jtag frequency' command is executed.
14:52:00 INFO  : 'configparams mdm-detect-bscan-mask 2' command is executed.
14:52:00 INFO  : Context for processor 'microblaze_0' is selected.
14:52:00 ERROR : Cannot stop MicroBlaze. MicroBlaze is held in reset
14:52:00 INFO  : ----------------XSDB Script----------------
connect -url tcp:127.0.0.1:3121
configparams mdm-detect-bscan-mask 2
targets -set -nocase -filter {name =~ "microblaze*#0" && bscan=="USER2"  && jtag_cable_name =~ "Digilent Nexys4DDR 210292745007A"} -index 0
rst -processor
----------------End of Script----------------

14:52:08 INFO  : 'targets -set -filter {jtag_cable_name =~ "Digilent Nexys4DDR 210292745007A" && level==0} -index 0' command is executed.
14:52:08 INFO  : 'fpga -state' command is executed.
14:52:08 INFO  : Connected to target on host '127.0.0.1' and port '3121'.
14:52:09 INFO  : Jtag cable 'Digilent Nexys4DDR 210292745007A' is selected.
14:52:09 INFO  : 'jtag frequency' command is executed.
14:52:09 INFO  : 'configparams mdm-detect-bscan-mask 2' command is executed.
14:52:09 INFO  : Context for processor 'microblaze_0' is selected.
14:52:09 ERROR : Cannot stop MicroBlaze. MicroBlaze is held in reset
14:52:09 INFO  : ----------------XSDB Script----------------
connect -url tcp:127.0.0.1:3121
configparams mdm-detect-bscan-mask 2
targets -set -nocase -filter {name =~ "microblaze*#0" && bscan=="USER2"  && jtag_cable_name =~ "Digilent Nexys4DDR 210292745007A"} -index 0
rst -processor
----------------End of Script----------------

14:52:25 INFO  : Connected to target on host '127.0.0.1' and port '3121'.
14:52:25 INFO  : 'targets -set -filter {jtag_cable_name =~ "Digilent Nexys4DDR 210292745007A" && level==0} -index 0' command is executed.
14:52:27 INFO  : FPGA configured successfully with bitstream "C:/Users/Caio/Desktop/marker_zybo/marker_zybo/design_1_wrapper_hw_platform_1/download.bit"
14:52:34 INFO  : 'targets -set -filter {jtag_cable_name =~ "Digilent Nexys4DDR 210292745007A" && level==0} -index 0' command is executed.
14:52:34 INFO  : 'fpga -state' command is executed.
14:52:34 INFO  : Connected to target on host '127.0.0.1' and port '3121'.
14:52:34 INFO  : Jtag cable 'Digilent Nexys4DDR 210292745007A' is selected.
14:52:34 INFO  : 'jtag frequency' command is executed.
14:52:34 INFO  : 'configparams mdm-detect-bscan-mask 2' command is executed.
14:52:34 INFO  : Context for processor 'microblaze_0' is selected.
14:52:34 INFO  : Processor reset is completed for 'microblaze_0'.
14:52:34 INFO  : Context for processor 'microblaze_0' is selected.
14:52:35 INFO  : The application 'C:/Users/Caio/Desktop/marker_zybo/marker_zybo/makemarker2/Debug/makemarker2.elf' is downloaded to processor 'microblaze_0'.
14:52:35 INFO  : ----------------XSDB Script----------------
connect -url tcp:127.0.0.1:3121
configparams mdm-detect-bscan-mask 2
targets -set -nocase -filter {name =~ "microblaze*#0" && bscan=="USER2"  && jtag_cable_name =~ "Digilent Nexys4DDR 210292745007A"} -index 0
rst -processor
targets -set -nocase -filter {name =~ "microblaze*#0" && bscan=="USER2"  && jtag_cable_name =~ "Digilent Nexys4DDR 210292745007A"} -index 0
dow C:/Users/Caio/Desktop/marker_zybo/marker_zybo/makemarker2/Debug/makemarker2.elf
----------------End of Script----------------

14:52:35 INFO  : Memory regions updated for context PA
14:52:35 INFO  : Memory regions updated for context PA
14:52:36 INFO  : Context for processor 'microblaze_0' is selected.
14:52:36 INFO  : 'con' command is executed.
14:52:36 INFO  : ----------------XSDB Script (After Launch)----------------
targets -set -nocase -filter {name =~ "microblaze*#0" && bscan=="USER2"  && jtag_cable_name =~ "Digilent Nexys4DDR 210292745007A"} -index 0
con
----------------End of Script----------------

14:52:36 INFO  : Launch script is exported to file 'C:\Users\Caio\Desktop\marker_zybo\marker_zybo\.sdk\launch_scripts\xilinx_c-c++_application_(system_debugger)\system_debugger_using_debug_makemarker2.elf_on_local.tcl'
14:58:31 INFO  : Disconnected from the channel tcfchan#1.
14:58:32 INFO  : 'targets -set -filter {jtag_cable_name =~ "Digilent Nexys4DDR 210292745007A" && level==0} -index 0' command is executed.
14:58:33 INFO  : 'fpga -state' command is executed.
14:58:33 INFO  : Connected to target on host '127.0.0.1' and port '3121'.
14:58:33 INFO  : Jtag cable 'Digilent Nexys4DDR 210292745007A' is selected.
14:58:33 INFO  : 'jtag frequency' command is executed.
14:58:33 INFO  : 'configparams mdm-detect-bscan-mask 2' command is executed.
14:58:33 INFO  : Context for processor 'microblaze_0' is selected.
14:58:33 INFO  : Processor reset is completed for 'microblaze_0'.
14:58:33 INFO  : Context for processor 'microblaze_0' is selected.
14:58:33 INFO  : The application 'C:/Users/Caio/Desktop/marker_zybo/marker_zybo/makemarker2/Debug/makemarker2.elf' is downloaded to processor 'microblaze_0'.
14:58:33 INFO  : ----------------XSDB Script----------------
connect -url tcp:127.0.0.1:3121
configparams mdm-detect-bscan-mask 2
targets -set -nocase -filter {name =~ "microblaze*#0" && bscan=="USER2"  && jtag_cable_name =~ "Digilent Nexys4DDR 210292745007A"} -index 0
rst -processor
targets -set -nocase -filter {name =~ "microblaze*#0" && bscan=="USER2"  && jtag_cable_name =~ "Digilent Nexys4DDR 210292745007A"} -index 0
dow C:/Users/Caio/Desktop/marker_zybo/marker_zybo/makemarker2/Debug/makemarker2.elf
----------------End of Script----------------

14:58:33 INFO  : Memory regions updated for context PA
14:58:33 INFO  : Memory regions updated for context PA
14:58:33 INFO  : Context for processor 'microblaze_0' is selected.
14:58:33 INFO  : 'con' command is executed.
14:58:33 INFO  : ----------------XSDB Script (After Launch)----------------
targets -set -nocase -filter {name =~ "microblaze*#0" && bscan=="USER2"  && jtag_cable_name =~ "Digilent Nexys4DDR 210292745007A"} -index 0
con
----------------End of Script----------------

14:58:33 INFO  : Launch script is exported to file 'C:\Users\Caio\Desktop\marker_zybo\marker_zybo\.sdk\launch_scripts\xilinx_c-c++_application_(system_debugger)\system_debugger_using_debug_makemarker2.elf_on_local.tcl'
14:59:07 INFO  : Disconnected from the channel tcfchan#2.
14:59:08 INFO  : 'targets -set -filter {jtag_cable_name =~ "Digilent Nexys4DDR 210292745007A" && level==0} -index 0' command is executed.
14:59:08 INFO  : 'fpga -state' command is executed.
14:59:08 INFO  : Connected to target on host '127.0.0.1' and port '3121'.
14:59:08 INFO  : Jtag cable 'Digilent Nexys4DDR 210292745007A' is selected.
14:59:08 INFO  : 'jtag frequency' command is executed.
14:59:08 INFO  : 'configparams mdm-detect-bscan-mask 2' command is executed.
14:59:08 INFO  : Context for processor 'microblaze_0' is selected.
14:59:08 INFO  : Processor reset is completed for 'microblaze_0'.
14:59:08 INFO  : Context for processor 'microblaze_0' is selected.
14:59:08 INFO  : The application 'C:/Users/Caio/Desktop/marker_zybo/marker_zybo/makemarker2/Debug/makemarker2.elf' is downloaded to processor 'microblaze_0'.
14:59:08 INFO  : ----------------XSDB Script----------------
connect -url tcp:127.0.0.1:3121
configparams mdm-detect-bscan-mask 2
targets -set -nocase -filter {name =~ "microblaze*#0" && bscan=="USER2"  && jtag_cable_name =~ "Digilent Nexys4DDR 210292745007A"} -index 0
rst -processor
targets -set -nocase -filter {name =~ "microblaze*#0" && bscan=="USER2"  && jtag_cable_name =~ "Digilent Nexys4DDR 210292745007A"} -index 0
dow C:/Users/Caio/Desktop/marker_zybo/marker_zybo/makemarker2/Debug/makemarker2.elf
----------------End of Script----------------

14:59:08 INFO  : Memory regions updated for context PA
14:59:08 INFO  : Memory regions updated for context PA
14:59:09 INFO  : Context for processor 'microblaze_0' is selected.
14:59:09 INFO  : 'con' command is executed.
14:59:09 INFO  : ----------------XSDB Script (After Launch)----------------
targets -set -nocase -filter {name =~ "microblaze*#0" && bscan=="USER2"  && jtag_cable_name =~ "Digilent Nexys4DDR 210292745007A"} -index 0
con
----------------End of Script----------------

14:59:09 INFO  : Launch script is exported to file 'C:\Users\Caio\Desktop\marker_zybo\marker_zybo\.sdk\launch_scripts\xilinx_c-c++_application_(system_debugger)\system_debugger_using_debug_makemarker2.elf_on_local.tcl'
15:00:47 ERROR : (XSDB Server)couldn't open "c:\dedel.txt": permission denied

15:06:48 INFO  : Connected to target on host '127.0.0.1' and port '3121'.
15:06:48 INFO  : 'targets -set -filter {jtag_cable_name =~ "Digilent Nexys4DDR 210292745007A" && level==0} -index 0' command is executed.
15:06:50 INFO  : FPGA configured successfully with bitstream "C:/Users/Caio/Desktop/marker_zybo/marker_zybo/design_1_wrapper_hw_platform_1/download.bit"
15:07:02 INFO  : Disconnected from the channel tcfchan#3.
15:07:03 INFO  : 'targets -set -filter {jtag_cable_name =~ "Digilent Nexys4DDR 210292745007A" && level==0} -index 0' command is executed.
15:07:03 INFO  : 'fpga -state' command is executed.
15:07:03 INFO  : Connected to target on host '127.0.0.1' and port '3121'.
15:07:03 INFO  : Jtag cable 'Digilent Nexys4DDR 210292745007A' is selected.
15:07:03 INFO  : 'jtag frequency' command is executed.
15:07:03 INFO  : 'configparams mdm-detect-bscan-mask 2' command is executed.
15:07:03 INFO  : Context for processor 'microblaze_0' is selected.
15:07:03 INFO  : Processor reset is completed for 'microblaze_0'.
15:07:03 INFO  : Context for processor 'microblaze_0' is selected.
15:07:04 INFO  : The application 'C:/Users/Caio/Desktop/marker_zybo/marker_zybo/makemarker2/Debug/makemarker2.elf' is downloaded to processor 'microblaze_0'.
15:07:04 INFO  : ----------------XSDB Script----------------
connect -url tcp:127.0.0.1:3121
configparams mdm-detect-bscan-mask 2
targets -set -nocase -filter {name =~ "microblaze*#0" && bscan=="USER2"  && jtag_cable_name =~ "Digilent Nexys4DDR 210292745007A"} -index 0
rst -processor
targets -set -nocase -filter {name =~ "microblaze*#0" && bscan=="USER2"  && jtag_cable_name =~ "Digilent Nexys4DDR 210292745007A"} -index 0
dow C:/Users/Caio/Desktop/marker_zybo/marker_zybo/makemarker2/Debug/makemarker2.elf
----------------End of Script----------------

15:07:04 INFO  : Memory regions updated for context PA
15:07:04 INFO  : Memory regions updated for context PA
15:07:04 INFO  : Context for processor 'microblaze_0' is selected.
15:07:04 INFO  : 'con' command is executed.
15:07:04 INFO  : ----------------XSDB Script (After Launch)----------------
targets -set -nocase -filter {name =~ "microblaze*#0" && bscan=="USER2"  && jtag_cable_name =~ "Digilent Nexys4DDR 210292745007A"} -index 0
con
----------------End of Script----------------

15:07:04 INFO  : Launch script is exported to file 'C:\Users\Caio\Desktop\marker_zybo\marker_zybo\.sdk\launch_scripts\xilinx_c-c++_application_(system_debugger)\system_debugger_using_debug_makemarker2.elf_on_local.tcl'
15:41:39 INFO  : Disconnected from the channel tcfchan#4.
15:41:40 INFO  : 'targets -set -filter {jtag_cable_name =~ "Digilent Nexys4DDR 210292745007A" && level==0} -index 0' command is executed.
15:41:40 INFO  : 'fpga -state' command is executed.
15:41:40 INFO  : Connected to target on host '127.0.0.1' and port '3121'.
15:41:40 INFO  : Jtag cable 'Digilent Nexys4DDR 210292745007A' is selected.
15:41:40 INFO  : 'jtag frequency' command is executed.
15:41:40 INFO  : 'configparams mdm-detect-bscan-mask 2' command is executed.
15:41:40 INFO  : Context for processor 'microblaze_0' is selected.
15:41:40 INFO  : Processor reset is completed for 'microblaze_0'.
15:41:40 INFO  : Context for processor 'microblaze_0' is selected.
15:41:41 INFO  : The application 'C:/Users/Caio/Desktop/marker_zybo/marker_zybo/makemarker2/Debug/makemarker2.elf' is downloaded to processor 'microblaze_0'.
15:41:41 INFO  : ----------------XSDB Script----------------
connect -url tcp:127.0.0.1:3121
configparams mdm-detect-bscan-mask 2
targets -set -nocase -filter {name =~ "microblaze*#0" && bscan=="USER2"  && jtag_cable_name =~ "Digilent Nexys4DDR 210292745007A"} -index 0
rst -processor
targets -set -nocase -filter {name =~ "microblaze*#0" && bscan=="USER2"  && jtag_cable_name =~ "Digilent Nexys4DDR 210292745007A"} -index 0
dow C:/Users/Caio/Desktop/marker_zybo/marker_zybo/makemarker2/Debug/makemarker2.elf
----------------End of Script----------------

15:41:41 INFO  : Memory regions updated for context PA
15:41:41 INFO  : Memory regions updated for context PA
15:41:41 INFO  : Context for processor 'microblaze_0' is selected.
15:41:41 INFO  : 'con' command is executed.
15:41:41 INFO  : ----------------XSDB Script (After Launch)----------------
targets -set -nocase -filter {name =~ "microblaze*#0" && bscan=="USER2"  && jtag_cable_name =~ "Digilent Nexys4DDR 210292745007A"} -index 0
con
----------------End of Script----------------

15:41:41 INFO  : Launch script is exported to file 'C:\Users\Caio\Desktop\marker_zybo\marker_zybo\.sdk\launch_scripts\xilinx_c-c++_application_(system_debugger)\system_debugger_using_debug_makemarker2.elf_on_local.tcl'
16:15:27 ERROR : (XSDB Server)can not find channel named "fileaa789e0"

16:24:43 INFO  : Disconnected from the channel tcfchan#5.
16:24:44 INFO  : 'targets -set -filter {jtag_cable_name =~ "Digilent Nexys4DDR 210292745007A" && level==0} -index 0' command is executed.
16:24:44 INFO  : 'fpga -state' command is executed.
16:24:44 INFO  : Connected to target on host '127.0.0.1' and port '3121'.
16:24:44 INFO  : Jtag cable 'Digilent Nexys4DDR 210292745007A' is selected.
16:24:44 INFO  : 'jtag frequency' command is executed.
16:24:44 INFO  : 'configparams mdm-detect-bscan-mask 2' command is executed.
16:24:44 INFO  : Context for processor 'microblaze_0' is selected.
16:24:44 INFO  : Processor reset is completed for 'microblaze_0'.
16:24:44 INFO  : Context for processor 'microblaze_0' is selected.
16:24:45 INFO  : The application 'C:/Users/Caio/Desktop/marker_zybo/marker_zybo/makemarker2/Debug/makemarker2.elf' is downloaded to processor 'microblaze_0'.
16:24:45 INFO  : ----------------XSDB Script----------------
connect -url tcp:127.0.0.1:3121
configparams mdm-detect-bscan-mask 2
targets -set -nocase -filter {name =~ "microblaze*#0" && bscan=="USER2"  && jtag_cable_name =~ "Digilent Nexys4DDR 210292745007A"} -index 0
rst -processor
targets -set -nocase -filter {name =~ "microblaze*#0" && bscan=="USER2"  && jtag_cable_name =~ "Digilent Nexys4DDR 210292745007A"} -index 0
dow C:/Users/Caio/Desktop/marker_zybo/marker_zybo/makemarker2/Debug/makemarker2.elf
----------------End of Script----------------

16:24:45 INFO  : Memory regions updated for context PA
16:24:45 INFO  : Memory regions updated for context PA
16:24:45 INFO  : Context for processor 'microblaze_0' is selected.
16:24:45 INFO  : 'con' command is executed.
16:24:45 INFO  : ----------------XSDB Script (After Launch)----------------
targets -set -nocase -filter {name =~ "microblaze*#0" && bscan=="USER2"  && jtag_cable_name =~ "Digilent Nexys4DDR 210292745007A"} -index 0
con
----------------End of Script----------------

16:24:45 INFO  : Launch script is exported to file 'C:\Users\Caio\Desktop\marker_zybo\marker_zybo\.sdk\launch_scripts\xilinx_c-c++_application_(system_debugger)\system_debugger_using_debug_makemarker2.elf_on_local.tcl'
16:30:51 ERROR : (XSDB Server)can not find channel named "filea215410"

16:42:08 INFO  : Disconnected from the channel tcfchan#6.
16:42:09 INFO  : 'targets -set -filter {jtag_cable_name =~ "Digilent Nexys4DDR 210292745007A" && level==0} -index 0' command is executed.
16:42:09 INFO  : 'fpga -state' command is executed.
16:42:09 INFO  : Connected to target on host '127.0.0.1' and port '3121'.
16:42:09 INFO  : Jtag cable 'Digilent Nexys4DDR 210292745007A' is selected.
16:42:09 INFO  : 'jtag frequency' command is executed.
16:42:09 INFO  : 'configparams mdm-detect-bscan-mask 2' command is executed.
16:42:09 INFO  : Context for processor 'microblaze_0' is selected.
16:42:09 INFO  : Processor reset is completed for 'microblaze_0'.
16:42:09 INFO  : Context for processor 'microblaze_0' is selected.
16:42:10 INFO  : The application 'C:/Users/Caio/Desktop/marker_zybo/marker_zybo/makemarker2/Debug/makemarker2.elf' is downloaded to processor 'microblaze_0'.
16:42:10 INFO  : ----------------XSDB Script----------------
connect -url tcp:127.0.0.1:3121
configparams mdm-detect-bscan-mask 2
targets -set -nocase -filter {name =~ "microblaze*#0" && bscan=="USER2"  && jtag_cable_name =~ "Digilent Nexys4DDR 210292745007A"} -index 0
rst -processor
targets -set -nocase -filter {name =~ "microblaze*#0" && bscan=="USER2"  && jtag_cable_name =~ "Digilent Nexys4DDR 210292745007A"} -index 0
dow C:/Users/Caio/Desktop/marker_zybo/marker_zybo/makemarker2/Debug/makemarker2.elf
----------------End of Script----------------

16:42:10 INFO  : Memory regions updated for context PA
16:42:10 INFO  : Memory regions updated for context PA
16:42:10 INFO  : Context for processor 'microblaze_0' is selected.
16:42:10 INFO  : 'con' command is executed.
16:42:10 INFO  : ----------------XSDB Script (After Launch)----------------
targets -set -nocase -filter {name =~ "microblaze*#0" && bscan=="USER2"  && jtag_cable_name =~ "Digilent Nexys4DDR 210292745007A"} -index 0
con
----------------End of Script----------------

16:42:10 INFO  : Launch script is exported to file 'C:\Users\Caio\Desktop\marker_zybo\marker_zybo\.sdk\launch_scripts\xilinx_c-c++_application_(system_debugger)\system_debugger_using_debug_makemarker2.elf_on_local.tcl'
16:54:15 INFO  : Disconnected from the channel tcfchan#7.
16:54:16 INFO  : 'targets -set -filter {jtag_cable_name =~ "Digilent Nexys4DDR 210292745007A" && level==0} -index 0' command is executed.
16:54:16 INFO  : 'fpga -state' command is executed.
16:54:16 INFO  : Connected to target on host '127.0.0.1' and port '3121'.
16:54:16 INFO  : Jtag cable 'Digilent Nexys4DDR 210292745007A' is selected.
16:54:16 INFO  : 'jtag frequency' command is executed.
16:54:16 INFO  : 'configparams mdm-detect-bscan-mask 2' command is executed.
16:54:16 INFO  : Context for processor 'microblaze_0' is selected.
16:54:16 INFO  : Processor reset is completed for 'microblaze_0'.
16:54:16 INFO  : Context for processor 'microblaze_0' is selected.
16:54:17 INFO  : The application 'C:/Users/Caio/Desktop/marker_zybo/marker_zybo/makemarker2/Debug/makemarker2.elf' is downloaded to processor 'microblaze_0'.
16:54:17 INFO  : ----------------XSDB Script----------------
connect -url tcp:127.0.0.1:3121
configparams mdm-detect-bscan-mask 2
targets -set -nocase -filter {name =~ "microblaze*#0" && bscan=="USER2"  && jtag_cable_name =~ "Digilent Nexys4DDR 210292745007A"} -index 0
rst -processor
targets -set -nocase -filter {name =~ "microblaze*#0" && bscan=="USER2"  && jtag_cable_name =~ "Digilent Nexys4DDR 210292745007A"} -index 0
dow C:/Users/Caio/Desktop/marker_zybo/marker_zybo/makemarker2/Debug/makemarker2.elf
----------------End of Script----------------

16:54:17 INFO  : Memory regions updated for context PA
16:54:17 INFO  : Memory regions updated for context PA
16:54:17 INFO  : Context for processor 'microblaze_0' is selected.
16:54:17 INFO  : 'con' command is executed.
16:54:17 INFO  : ----------------XSDB Script (After Launch)----------------
targets -set -nocase -filter {name =~ "microblaze*#0" && bscan=="USER2"  && jtag_cable_name =~ "Digilent Nexys4DDR 210292745007A"} -index 0
con
----------------End of Script----------------

16:54:17 INFO  : Launch script is exported to file 'C:\Users\Caio\Desktop\marker_zybo\marker_zybo\.sdk\launch_scripts\xilinx_c-c++_application_(system_debugger)\system_debugger_using_debug_makemarker2.elf_on_local.tcl'
16:58:09 INFO  : Disconnected from the channel tcfchan#8.
16:58:10 INFO  : 'targets -set -filter {jtag_cable_name =~ "Digilent Nexys4DDR 210292745007A" && level==0} -index 0' command is executed.
16:58:10 INFO  : 'fpga -state' command is executed.
16:58:10 INFO  : Connected to target on host '127.0.0.1' and port '3121'.
16:58:10 INFO  : Jtag cable 'Digilent Nexys4DDR 210292745007A' is selected.
16:58:10 INFO  : 'jtag frequency' command is executed.
16:58:10 INFO  : 'configparams mdm-detect-bscan-mask 2' command is executed.
16:58:10 INFO  : Context for processor 'microblaze_0' is selected.
16:58:10 INFO  : Processor reset is completed for 'microblaze_0'.
16:58:10 INFO  : Context for processor 'microblaze_0' is selected.
16:58:10 INFO  : The application 'C:/Users/Caio/Desktop/marker_zybo/marker_zybo/makemarker2/Debug/makemarker2.elf' is downloaded to processor 'microblaze_0'.
16:58:10 INFO  : ----------------XSDB Script----------------
connect -url tcp:127.0.0.1:3121
configparams mdm-detect-bscan-mask 2
targets -set -nocase -filter {name =~ "microblaze*#0" && bscan=="USER2"  && jtag_cable_name =~ "Digilent Nexys4DDR 210292745007A"} -index 0
rst -processor
targets -set -nocase -filter {name =~ "microblaze*#0" && bscan=="USER2"  && jtag_cable_name =~ "Digilent Nexys4DDR 210292745007A"} -index 0
dow C:/Users/Caio/Desktop/marker_zybo/marker_zybo/makemarker2/Debug/makemarker2.elf
----------------End of Script----------------

16:58:10 INFO  : Memory regions updated for context PA
16:58:10 INFO  : Memory regions updated for context PA
16:58:11 INFO  : Context for processor 'microblaze_0' is selected.
16:58:11 INFO  : 'con' command is executed.
16:58:11 INFO  : ----------------XSDB Script (After Launch)----------------
targets -set -nocase -filter {name =~ "microblaze*#0" && bscan=="USER2"  && jtag_cable_name =~ "Digilent Nexys4DDR 210292745007A"} -index 0
con
----------------End of Script----------------

16:58:11 INFO  : Launch script is exported to file 'C:\Users\Caio\Desktop\marker_zybo\marker_zybo\.sdk\launch_scripts\xilinx_c-c++_application_(system_debugger)\system_debugger_using_debug_makemarker2.elf_on_local.tcl'
